>>> HYPERPARAMETERS 
Testing algorithms dict_keys(['RR', 'FIFO', 'FILO', 'LRU', 'LFU', 'LFU_IDEAL', 'MIN', 'MAD', 'MAD_LFU', 'MAD_P', 'MAD_MIN', 'MINAD', 'MINAD_P', 'MINAD_L', 'MINAD_W']), 10 simulations of 100000 requests distributed with eta=1.5, Cache size is 10 with 1000 files in main memory
-----------------------  ---------------------------------------------------------------------------------------------------------------------------------------------------
algorithms               dict_keys(['RR', 'FIFO', 'FILO', 'LRU', 'LFU', 'LFU_IDEAL', 'MIN', 'MAD', 'MAD_LFU', 'MAD_P', 'MAD_MIN', 'MINAD', 'MINAD_P', 'MINAD_L', 'MINAD_W'])
n_iter                   10
n_requests               100000
cache_size               10
library_size             1000
performance_metric_name  latency_loss
request_frq              1000
zipf_eta                 1.5
seed                     5390973
-----------------------  ---------------------------------------------------------------------------------------------------------------------------------------------------
>>> Simulating RR...
RR #1 	1452.374626	 hit: 61292  miss: 38709
RR #2 	1445.003150	 hit: 60760  miss: 39241
RR #3 	1447.620964	 hit: 61114  miss: 38887
RR #4 	1438.206818	 hit: 60688  miss: 39313
RR #5 	1444.292417	 hit: 60868  miss: 39133
RR #6 	1454.706483	 hit: 61096  miss: 38905
RR #7 	1452.625084	 hit: 60729  miss: 39272
RR #8 	1443.184448	 hit: 60808  miss: 39193
RR #9 	1449.763802	 hit: 61094  miss: 38907
RR #10 	1453.715723	 hit: 61107  miss: 38894
>>> Average latency_loss: 1448.149351506485	(over 10 simulations)

>>> Simulating FIFO...
FIFO #1 	1468.020890	 hit: 61176  miss: 38825
FIFO #2 	1455.702093	 hit: 60923  miss: 39078
FIFO #3 	1458.403476	 hit: 61219  miss: 38782
FIFO #4 	1450.308597	 hit: 60678  miss: 39323
FIFO #5 	1462.171508	 hit: 60843  miss: 39158
FIFO #6 	1465.267467	 hit: 61169  miss: 38832
FIFO #7 	1467.673903	 hit: 60878  miss: 39123
FIFO #8 	1457.498645	 hit: 60977  miss: 39024
FIFO #9 	1463.245168	 hit: 60994  miss: 39007
FIFO #10 	1464.443196	 hit: 61145  miss: 38856
>>> Average latency_loss: 1461.2734942650573	(over 10 simulations)

>>> Simulating FILO...
FILO #1 	1440.638894	 hit: 26407  miss: 73594
FILO #2 	1469.124919	 hit: 18460  miss: 81541
FILO #3 	1306.264557	 hit: 33055  miss: 66946
FILO #4 	1467.301737	 hit: 18196  miss: 81805
FILO #5 	1476.364916	 hit: 18595  miss: 81406
FILO #6 	1481.819872	 hit: 18685  miss: 81316
FILO #7 	1474.070309	 hit: 19952  miss: 80049
FILO #8 	1471.524725	 hit: 18691  miss: 81310
FILO #9 	1472.441546	 hit: 19462  miss: 80539
FILO #10 	1477.709553	 hit: 19355  miss: 80646
>>> Average latency_loss: 1453.7261027389727	(over 10 simulations)

>>> Simulating LRU...
LRU #1 	815.361726	 hit: 68098  miss: 31903
LRU #2 	838.672043	 hit: 67958  miss: 32043
LRU #3 	844.950260	 hit: 68110  miss: 31891
LRU #4 	881.465695	 hit: 67595  miss: 32406
LRU #5 	897.635694	 hit: 67788  miss: 32213
LRU #6 	892.850461	 hit: 68012  miss: 31989
LRU #7 	889.213998	 hit: 67804  miss: 32197
LRU #8 	892.589164	 hit: 67780  miss: 32221
LRU #9 	874.989970	 hit: 67866  miss: 32135
LRU #10 	929.707833	 hit: 68043  miss: 31958
>>> Average latency_loss: 875.7436845631544	(over 10 simulations)

>>> Simulating LFU...
LFU #1 	189.409516	 hit: 76263  miss: 23738
LFU #2 	210.494885	 hit: 73555  miss: 26446
LFU #3 	185.011380	 hit: 76795  miss: 23206
LFU #4 	206.097189	 hit: 74049  miss: 25952
LFU #5 	188.284217	 hit: 76271  miss: 23730
LFU #6 	190.043520	 hit: 76222  miss: 23779
LFU #7 	198.972210	 hit: 74950  miss: 25051
LFU #8 	187.091389	 hit: 76341  miss: 23660
LFU #9 	187.977060	 hit: 76411  miss: 23590
LFU #10 	195.793082	 hit: 75499  miss: 24502
>>> Average latency_loss: 193.91744482555174	(over 10 simulations)

>>> Simulating LFU_IDEAL...
LFU_IDEAL #1 	181.593974	 hit: 77319  miss: 22682
LFU_IDEAL #2 	181.602744	 hit: 77344  miss: 22657
LFU_IDEAL #3 	180.802412	 hit: 77482  miss: 22519
LFU_IDEAL #4 	183.520025	 hit: 77148  miss: 22853
LFU_IDEAL #5 	181.504235	 hit: 77260  miss: 22741
LFU_IDEAL #6 	180.959270	 hit: 77505  miss: 22496
LFU_IDEAL #7 	181.799242	 hit: 77436  miss: 22565
LFU_IDEAL #8 	181.704333	 hit: 77280  miss: 22721
LFU_IDEAL #9 	180.477755	 hit: 77389  miss: 22612
LFU_IDEAL #10 	183.517135	 hit: 77361  miss: 22640
>>> Average latency_loss: 181.74811251887482	(over 10 simulations)

>>> Simulating MIN...
MIN #1 	285.634954	 hit: 80709  miss: 19292
MIN #2 	286.107959	 hit: 80627  miss: 19374
MIN #3 	278.697653	 hit: 80835  miss: 19166
MIN #4 	287.050389	 hit: 80543  miss: 19458
MIN #5 	284.650913	 hit: 80591  miss: 19410
MIN #6 	289.308647	 hit: 80769  miss: 19232
MIN #7 	290.346707	 hit: 80560  miss: 19441
MIN #8 	275.399446	 hit: 80638  miss: 19363
MIN #9 	284.766442	 hit: 80648  miss: 19353
MIN #10 	285.531165	 hit: 80744  miss: 19257
>>> Average latency_loss: 284.749427505725	(over 10 simulations)

>>> Simulating MAD...
MAD #1 	182.246058	 hit: 77296  miss: 22705
MAD #2 	183.001660	 hit: 77330  miss: 22671
MAD #3 	181.327677	 hit: 77454  miss: 22547
MAD #4 	184.047290	 hit: 77131  miss: 22870
MAD #5 	181.893131	 hit: 77250  miss: 22751
MAD #6 	181.915191	 hit: 77487  miss: 22514
MAD #7 	182.041170	 hit: 77432  miss: 22569
MAD #8 	183.026780	 hit: 77264  miss: 22737
MAD #9 	181.052629	 hit: 77377  miss: 22624
MAD #10 	183.678943	 hit: 77373  miss: 22628
>>> Average latency_loss: 182.42305276947235	(over 10 simulations)

>>> Simulating MAD_LFU...
MAD_LFU #1 	181.729873	 hit: 77305  miss: 22696
MAD_LFU #2 	181.898081	 hit: 77330  miss: 22671
MAD_LFU #3 	180.936921	 hit: 77469  miss: 22532
MAD_LFU #4 	183.622094	 hit: 77144  miss: 22857
MAD_LFU #5 	181.566884	 hit: 77254  miss: 22747
MAD_LFU #6 	181.264737	 hit: 77497  miss: 22504
MAD_LFU #7 	181.932591	 hit: 77437  miss: 22564
MAD_LFU #8 	181.918961	 hit: 77270  miss: 22731
MAD_LFU #9 	180.590374	 hit: 77381  miss: 22620
MAD_LFU #10 	183.694883	 hit: 77368  miss: 22633
>>> Average latency_loss: 181.91553984460154	(over 10 simulations)

>>> Simulating MAD_P...
MAD_P #1 	193.219858	 hit: 77224  miss: 22777
MAD_P #2 	193.328737	 hit: 77247  miss: 22754
MAD_P #3 	192.378826	 hit: 77373  miss: 22628
MAD_P #4 	197.113829	 hit: 77071  miss: 22930
MAD_P #5 	192.515965	 hit: 77359  miss: 22642
MAD_P #6 	192.613604	 hit: 77426  miss: 22575
MAD_P #7 	194.211628	 hit: 77337  miss: 22664
MAD_P #8 	191.180828	 hit: 77197  miss: 22804
MAD_P #9 	188.285937	 hit: 77401  miss: 22600
MAD_P #10 	192.271787	 hit: 77218  miss: 22783
>>> Average latency_loss: 192.7120998790012	(over 10 simulations)

>>> Simulating MAD_MIN...
MAD_MIN #1 	192.815022	 hit: 75709  miss: 24292
MAD_MIN #2 	184.022710	 hit: 76998  miss: 23003
MAD_MIN #3 	193.387346	 hit: 75567  miss: 24434
MAD_MIN #4 	197.497665	 hit: 75057  miss: 24944
MAD_MIN #5 	181.703253	 hit: 77253  miss: 22748
MAD_MIN #6 	190.446306	 hit: 76490  miss: 23511
MAD_MIN #7 	217.766042	 hit: 72587  miss: 27414
MAD_MIN #8 	192.392426	 hit: 75582  miss: 24419
MAD_MIN #9 	193.654873	 hit: 75465  miss: 24536
MAD_MIN #10 	196.147009	 hit: 75447  miss: 24554
>>> Average latency_loss: 193.98326516734835	(over 10 simulations)

>>> Simulating MINAD...
MINAD #1 	209.115879	 hit: 80335  miss: 19666
MINAD #2 	210.135219	 hit: 80239  miss: 19762
MINAD #3 	208.964930	 hit: 80422  miss: 19579
MINAD #4 	215.301287	 hit: 80157  miss: 19844
MINAD #5 	215.017120	 hit: 80190  miss: 19811
MINAD #6 	210.422126	 hit: 80383  miss: 19618
MINAD #7 	210.264727	 hit: 80182  miss: 19819
MINAD #8 	211.829332	 hit: 80253  miss: 19748
MINAD #9 	210.925651	 hit: 80264  miss: 19737
MINAD #10 	215.217998	 hit: 80336  miss: 19665
>>> Average latency_loss: 211.71942680573193	(over 10 simulations)

>>> Simulating MINAD_P...
MINAD_P #1 	210.872011	 hit: 80028  miss: 19973
MINAD_P #2 	208.170278	 hit: 79944  miss: 20057
MINAD_P #3 	205.572664	 hit: 80099  miss: 19902
MINAD_P #4 	212.916151	 hit: 79861  miss: 20140
MINAD_P #5 	212.221458	 hit: 79907  miss: 20094
MINAD_P #6 	208.519405	 hit: 80086  miss: 19915
MINAD_P #7 	211.159088	 hit: 79907  miss: 20094
MINAD_P #8 	210.841422	 hit: 79982  miss: 20019
MINAD_P #9 	209.382366	 hit: 79962  miss: 20039
MINAD_P #10 	212.947111	 hit: 80051  miss: 19950
>>> Average latency_loss: 210.26019539804602	(over 10 simulations)

>>> Simulating MINAD_L...
MINAD_L #1 	183.459125	 hit: 78047  miss: 21954
MINAD_L #2 	182.104289	 hit: 78112  miss: 21889
MINAD_L #3 	180.116829	 hit: 78224  miss: 21777
MINAD_L #4 	185.281067	 hit: 77854  miss: 22147
MINAD_L #5 	184.835572	 hit: 78009  miss: 21992
MINAD_L #6 	182.399086	 hit: 78306  miss: 21695
MINAD_L #7 	182.947311	 hit: 78242  miss: 21759
MINAD_L #8 	183.047340	 hit: 78061  miss: 21940
MINAD_L #9 	181.890931	 hit: 78143  miss: 21858
MINAD_L #10 	184.452325	 hit: 78185  miss: 21816
>>> Average latency_loss: 183.05338746612534	(over 10 simulations)

>>> Simulating MINAD_W...
MINAD_W #1 	182.521495	 hit: 78158  miss: 21843
MINAD_W #2 	181.329007	 hit: 78190  miss: 21811
MINAD_W #3 	179.544255	 hit: 78306  miss: 21695
MINAD_W #4 	184.223348	 hit: 77939  miss: 22062
MINAD_W #5 	183.943271	 hit: 78113  miss: 21888
MINAD_W #6 	181.376806	 hit: 78388  miss: 21613
MINAD_W #7 	182.436696	 hit: 78301  miss: 21700
MINAD_W #8 	181.984360	 hit: 78144  miss: 21857
MINAD_W #9 	181.068289	 hit: 78229  miss: 21772
MINAD_W #10 	184.177628	 hit: 78254  miss: 21747
>>> Average latency_loss: 182.26051539484607	(over 10 simulations)

--------------------------------------------------

>>> RESULTS - (over 10 simulations)
| Algorithms   |   latency_loss (10) |
|--------------|---------------------|
| LFU_IDEAL    |             181.748 |
| MAD_LFU      |             181.916 |
| MINAD_W      |             182.261 |
| MAD          |             182.423 |
| MINAD_L      |             183.053 |
| MAD_P        |             192.712 |
| LFU          |             193.917 |
| MAD_MIN      |             193.983 |
| MINAD_P      |             210.26  |
| MINAD        |             211.719 |
| MIN          |             284.749 |
| LRU          |             875.744 |
| RR           |            1448.15  |
| FILO         |            1453.73  |
| FIFO         |            1461.27  |


>>> HYPERPARAMETERS 
Testing algorithms dict_keys(['RR', 'FIFO', 'FILO', 'LRU', 'LFU', 'LFU_IDEAL', 'MIN', 'MAD', 'MAD_LFU', 'MAD_P', 'MAD_MIN', 'MINAD', 'MINAD_P', 'MINAD_L', 'MINAD_W']), 10 simulations of 100000 requests distributed with eta=1.5, Cache size is 10 with 1000 files in main memory
-----------------------  ---------------------------------------------------------------------------------------------------------------------------------------------------
algorithms               dict_keys(['RR', 'FIFO', 'FILO', 'LRU', 'LFU', 'LFU_IDEAL', 'MIN', 'MAD', 'MAD_LFU', 'MAD_P', 'MAD_MIN', 'MINAD', 'MINAD_P', 'MINAD_L', 'MINAD_W'])
n_iter                   10
n_requests               100000
cache_size               10
library_size             1000
performance_metric_name  simple_loss
request_frq              1000
zipf_eta                 1.5
seed                     5390973
-----------------------  ---------------------------------------------------------------------------------------------------------------------------------------------------
>>> Simulating RR...
RR #1 	387.086129	 hit: 38709  miss: 61292
RR #2 	392.406076	 hit: 39241  miss: 60760
RR #3 	388.866111	 hit: 38887  miss: 61114
RR #4 	393.126069	 hit: 39313  miss: 60688
RR #5 	391.326087	 hit: 39133  miss: 60868
RR #6 	389.046110	 hit: 38905  miss: 61096
RR #7 	392.716073	 hit: 39272  miss: 60729
RR #8 	391.926081	 hit: 39193  miss: 60808
RR #9 	389.066109	 hit: 38907  miss: 61094
RR #10 	388.936111	 hit: 38894  miss: 61107
>>> Average simple_loss: 390.450095499045	(over 10 simulations)

>>> Simulating FIFO...
FIFO #1 	388.246118	 hit: 38825  miss: 61176
FIFO #2 	390.776092	 hit: 39078  miss: 60923
FIFO #3 	387.816122	 hit: 38782  miss: 61219
FIFO #4 	393.226068	 hit: 39323  miss: 60678
FIFO #5 	391.576084	 hit: 39158  miss: 60843
FIFO #6 	388.316117	 hit: 38832  miss: 61169
FIFO #7 	391.226088	 hit: 39123  miss: 60878
FIFO #8 	390.236098	 hit: 39024  miss: 60977
FIFO #9 	390.066099	 hit: 39007  miss: 60994
FIFO #10 	388.556114	 hit: 38856  miss: 61145
>>> Average simple_loss: 390.0040999590004	(over 10 simulations)

>>> Simulating FILO...
FILO #1 	735.932641	 hit: 73594  miss: 26407
FILO #2 	815.401846	 hit: 81541  miss: 18460
FILO #3 	669.453305	 hit: 66946  miss: 33055
FILO #4 	818.041820	 hit: 81805  miss: 18196
FILO #5 	814.051859	 hit: 81406  miss: 18595
FILO #6 	813.151868	 hit: 81316  miss: 18685
FILO #7 	800.481995	 hit: 80049  miss: 19952
FILO #8 	813.091869	 hit: 81310  miss: 18691
FILO #9 	805.381946	 hit: 80539  miss: 19462
FILO #10 	806.451935	 hit: 80646  miss: 19355
>>> Average simple_loss: 789.1441085589144	(over 10 simulations)

>>> Simulating LRU...
LRU #1 	319.026810	 hit: 31903  miss: 68098
LRU #2 	320.426796	 hit: 32043  miss: 67958
LRU #3 	318.906811	 hit: 31891  miss: 68110
LRU #4 	324.056759	 hit: 32406  miss: 67595
LRU #5 	322.126779	 hit: 32213  miss: 67788
LRU #6 	319.886801	 hit: 31989  miss: 68012
LRU #7 	321.966780	 hit: 32197  miss: 67804
LRU #8 	322.206778	 hit: 32221  miss: 67780
LRU #9 	321.346787	 hit: 32135  miss: 67866
LRU #10 	319.576804	 hit: 31958  miss: 68043
>>> Average simple_loss: 320.9527904720953	(over 10 simulations)

>>> Simulating LFU...
LFU #1 	237.377626	 hit: 23738  miss: 76263
LFU #2 	264.457355	 hit: 26446  miss: 73555
LFU #3 	232.057679	 hit: 23206  miss: 76795
LFU #4 	259.517405	 hit: 25952  miss: 74049
LFU #5 	237.297627	 hit: 23730  miss: 76271
LFU #6 	237.787622	 hit: 23779  miss: 76222
LFU #7 	250.507495	 hit: 25051  miss: 74950
LFU #8 	236.597634	 hit: 23660  miss: 76341
LFU #9 	235.897641	 hit: 23590  miss: 76411
LFU #10 	245.017550	 hit: 24502  miss: 75499
>>> Average simple_loss: 243.6515634843651	(over 10 simulations)

>>> Simulating LFU_IDEAL...
LFU_IDEAL #1 	226.817732	 hit: 22682  miss: 77319
LFU_IDEAL #2 	226.567734	 hit: 22657  miss: 77344
LFU_IDEAL #3 	225.187748	 hit: 22519  miss: 77482
LFU_IDEAL #4 	228.527715	 hit: 22853  miss: 77148
LFU_IDEAL #5 	227.407726	 hit: 22741  miss: 77260
LFU_IDEAL #6 	224.957750	 hit: 22496  miss: 77505
LFU_IDEAL #7 	225.647744	 hit: 22565  miss: 77436
LFU_IDEAL #8 	227.207728	 hit: 22721  miss: 77280
LFU_IDEAL #9 	226.117739	 hit: 22612  miss: 77389
LFU_IDEAL #10 	226.397736	 hit: 22640  miss: 77361
>>> Average simple_loss: 226.48373516264837	(over 10 simulations)

>>> Simulating MIN...
MIN #1 	192.918071	 hit: 19292  miss: 80709
MIN #2 	193.738063	 hit: 19374  miss: 80627
MIN #3 	191.658083	 hit: 19166  miss: 80835
MIN #4 	194.578054	 hit: 19458  miss: 80543
MIN #5 	194.098059	 hit: 19410  miss: 80591
MIN #6 	192.318077	 hit: 19232  miss: 80769
MIN #7 	194.408056	 hit: 19441  miss: 80560
MIN #8 	193.628064	 hit: 19363  miss: 80638
MIN #9 	193.528065	 hit: 19353  miss: 80648
MIN #10 	192.568074	 hit: 19257  miss: 80744
>>> Average simple_loss: 193.3440665593344	(over 10 simulations)

>>> Simulating MAD...
MAD #1 	227.047730	 hit: 22705  miss: 77296
MAD #2 	226.707733	 hit: 22671  miss: 77330
MAD #3 	225.467745	 hit: 22547  miss: 77454
MAD #4 	228.697713	 hit: 22870  miss: 77131
MAD #5 	227.507725	 hit: 22751  miss: 77250
MAD #6 	225.137749	 hit: 22514  miss: 77487
MAD #7 	225.687743	 hit: 22569  miss: 77432
MAD #8 	227.367726	 hit: 22737  miss: 77264
MAD #9 	226.237738	 hit: 22624  miss: 77377
MAD #10 	226.277737	 hit: 22628  miss: 77373
>>> Average simple_loss: 226.61373386266138	(over 10 simulations)

>>> Simulating MAD_LFU...
MAD_LFU #1 	226.957730	 hit: 22696  miss: 77305
MAD_LFU #2 	226.707733	 hit: 22671  miss: 77330
MAD_LFU #3 	225.317747	 hit: 22532  miss: 77469
MAD_LFU #4 	228.567714	 hit: 22857  miss: 77144
MAD_LFU #5 	227.467725	 hit: 22747  miss: 77254
MAD_LFU #6 	225.037750	 hit: 22504  miss: 77497
MAD_LFU #7 	225.637744	 hit: 22564  miss: 77437
MAD_LFU #8 	227.307727	 hit: 22731  miss: 77270
MAD_LFU #9 	226.197738	 hit: 22620  miss: 77381
MAD_LFU #10 	226.327737	 hit: 22633  miss: 77368
>>> Average simple_loss: 226.55273447265526	(over 10 simulations)

>>> Simulating MAD_P...
MAD_P #1 	227.767722	 hit: 22777  miss: 77224
MAD_P #2 	227.537725	 hit: 22754  miss: 77247
MAD_P #3 	226.277737	 hit: 22628  miss: 77373
MAD_P #4 	229.297707	 hit: 22930  miss: 77071
MAD_P #5 	226.417736	 hit: 22642  miss: 77359
MAD_P #6 	225.747743	 hit: 22575  miss: 77426
MAD_P #7 	226.637734	 hit: 22664  miss: 77337
MAD_P #8 	228.037720	 hit: 22804  miss: 77197
MAD_P #9 	225.997740	 hit: 22600  miss: 77401
MAD_P #10 	227.827722	 hit: 22783  miss: 77218
>>> Average simple_loss: 227.15472845271546	(over 10 simulations)

>>> Simulating MAD_MIN...
MAD_MIN #1 	242.917571	 hit: 24292  miss: 75709
MAD_MIN #2 	230.027700	 hit: 23003  miss: 76998
MAD_MIN #3 	244.337557	 hit: 24434  miss: 75567
MAD_MIN #4 	249.437506	 hit: 24944  miss: 75057
MAD_MIN #5 	227.477725	 hit: 22748  miss: 77253
MAD_MIN #6 	235.107649	 hit: 23511  miss: 76490
MAD_MIN #7 	274.137259	 hit: 27414  miss: 72587
MAD_MIN #8 	244.187558	 hit: 24419  miss: 75582
MAD_MIN #9 	245.357546	 hit: 24536  miss: 75465
MAD_MIN #10 	245.537545	 hit: 24554  miss: 75447
>>> Average simple_loss: 243.85256147438525	(over 10 simulations)

>>> Simulating MINAD...
MINAD #1 	196.658033	 hit: 19666  miss: 80335
MINAD #2 	197.618024	 hit: 19762  miss: 80239
MINAD #3 	195.788042	 hit: 19579  miss: 80422
MINAD #4 	198.438016	 hit: 19844  miss: 80157
MINAD #5 	198.108019	 hit: 19811  miss: 80190
MINAD #6 	196.178038	 hit: 19618  miss: 80383
MINAD #7 	198.188018	 hit: 19819  miss: 80182
MINAD #8 	197.478025	 hit: 19748  miss: 80253
MINAD #9 	197.368026	 hit: 19737  miss: 80264
MINAD #10 	196.648034	 hit: 19665  miss: 80336
>>> Average simple_loss: 197.24702752972468	(over 10 simulations)

>>> Simulating MINAD_P...
MINAD_P #1 	199.728003	 hit: 19973  miss: 80028
MINAD_P #2 	200.567994	 hit: 20057  miss: 79944
MINAD_P #3 	199.018010	 hit: 19902  miss: 80099
MINAD_P #4 	201.397986	 hit: 20140  miss: 79861
MINAD_P #5 	200.937991	 hit: 20094  miss: 79907
MINAD_P #6 	199.148009	 hit: 19915  miss: 80086
MINAD_P #7 	200.937991	 hit: 20094  miss: 79907
MINAD_P #8 	200.187998	 hit: 20019  miss: 79982
MINAD_P #9 	200.387996	 hit: 20039  miss: 79962
MINAD_P #10 	199.498005	 hit: 19950  miss: 80051
>>> Average simple_loss: 200.1809981900181	(over 10 simulations)

>>> Simulating MINAD_L...
MINAD_L #1 	219.537805	 hit: 21954  miss: 78047
MINAD_L #2 	218.887811	 hit: 21889  miss: 78112
MINAD_L #3 	217.767822	 hit: 21777  miss: 78224
MINAD_L #4 	221.467785	 hit: 22147  miss: 77854
MINAD_L #5 	219.917801	 hit: 21992  miss: 78009
MINAD_L #6 	216.947831	 hit: 21695  miss: 78306
MINAD_L #7 	217.587824	 hit: 21759  miss: 78242
MINAD_L #8 	219.397806	 hit: 21940  miss: 78061
MINAD_L #9 	218.577814	 hit: 21858  miss: 78143
MINAD_L #10 	218.157818	 hit: 21816  miss: 78185
>>> Average simple_loss: 218.82481175188246	(over 10 simulations)

>>> Simulating MINAD_W...
MINAD_W #1 	218.427816	 hit: 21843  miss: 78158
MINAD_W #2 	218.107819	 hit: 21811  miss: 78190
MINAD_W #3 	216.947831	 hit: 21695  miss: 78306
MINAD_W #4 	220.617794	 hit: 22062  miss: 77939
MINAD_W #5 	218.877811	 hit: 21888  miss: 78113
MINAD_W #6 	216.127839	 hit: 21613  miss: 78388
MINAD_W #7 	216.997830	 hit: 21700  miss: 78301
MINAD_W #8 	218.567814	 hit: 21857  miss: 78144
MINAD_W #9 	217.717823	 hit: 21772  miss: 78229
MINAD_W #10 	217.467825	 hit: 21747  miss: 78254
>>> Average simple_loss: 217.98582014179857	(over 10 simulations)

--------------------------------------------------

>>> RESULTS - (over 10 simulations)
| Algorithms   |   simple_loss (10) |
|--------------|--------------------|
| MIN          |            193.344 |
| MINAD        |            197.247 |
| MINAD_P      |            200.181 |
| MINAD_W      |            217.986 |
| MINAD_L      |            218.825 |
| LFU_IDEAL    |            226.484 |
| MAD_LFU      |            226.553 |
| MAD          |            226.614 |
| MAD_P        |            227.155 |
| LFU          |            243.652 |
| MAD_MIN      |            243.853 |
| LRU          |            320.953 |
| FIFO         |            390.004 |
| RR           |            390.45  |
| FILO         |            789.144 |


>>> HYPERPARAMETERS 
Testing algorithms dict_keys(['RR', 'FIFO', 'FILO', 'LRU', 'LFU', 'LFU_IDEAL', 'MIN', 'MAD', 'MAD_LFU', 'MAD_P', 'MAD_MIN', 'MINAD', 'MINAD_P', 'MINAD_L', 'MINAD_W']), 10 simulations of 100000 requests distributed with eta=1.5, Cache size is 10 with 1000 files in main memory
-----------------------  ---------------------------------------------------------------------------------------------------------------------------------------------------
algorithms               dict_keys(['RR', 'FIFO', 'FILO', 'LRU', 'LFU', 'LFU_IDEAL', 'MIN', 'MAD', 'MAD_LFU', 'MAD_P', 'MAD_MIN', 'MINAD', 'MINAD_P', 'MINAD_L', 'MINAD_W'])
n_iter                   10
n_requests               100000
cache_size               10
library_size             1000
performance_metric_name  hit_ratio
request_frq              1000
zipf_eta                 1.5
seed                     5390973
-----------------------  ---------------------------------------------------------------------------------------------------------------------------------------------------
>>> Simulating RR...
RR #1 	61.291387 %	 hit: 61292  miss: 38709
RR #2 	60.759392 %	 hit: 60760  miss: 39241
RR #3 	61.113389 %	 hit: 61114  miss: 38887
RR #4 	60.687393 %	 hit: 60688  miss: 39313
RR #5 	60.867391 %	 hit: 60868  miss: 39133
RR #6 	61.095389 %	 hit: 61096  miss: 38905
RR #7 	60.728393 %	 hit: 60729  miss: 39272
RR #8 	60.807392 %	 hit: 60808  miss: 39193
RR #9 	61.093389 %	 hit: 61094  miss: 38907
RR #10 	61.106389 %	 hit: 61107  miss: 38894
>>> Average hit_ratio: 0.609549904500955	(over 10 simulations)

>>> Simulating FIFO...
FIFO #1 	61.175388 %	 hit: 61176  miss: 38825
FIFO #2 	60.922391 %	 hit: 60923  miss: 39078
FIFO #3 	61.218388 %	 hit: 61219  miss: 38782
FIFO #4 	60.677393 %	 hit: 60678  miss: 39323
FIFO #5 	60.842392 %	 hit: 60843  miss: 39158
FIFO #6 	61.168388 %	 hit: 61169  miss: 38832
FIFO #7 	60.877391 %	 hit: 60878  miss: 39123
FIFO #8 	60.976390 %	 hit: 60977  miss: 39024
FIFO #9 	60.993390 %	 hit: 60994  miss: 39007
FIFO #10 	61.144389 %	 hit: 61145  miss: 38856
>>> Average hit_ratio: 0.6099959000409996	(over 10 simulations)

>>> Simulating FILO...
FILO #1 	26.406736 %	 hit: 26407  miss: 73594
FILO #2 	18.459815 %	 hit: 18460  miss: 81541
FILO #3 	33.054669 %	 hit: 33055  miss: 66946
FILO #4 	18.195818 %	 hit: 18196  miss: 81805
FILO #5 	18.594814 %	 hit: 18595  miss: 81406
FILO #6 	18.684813 %	 hit: 18685  miss: 81316
FILO #7 	19.951800 %	 hit: 19952  miss: 80049
FILO #8 	18.690813 %	 hit: 18691  miss: 81310
FILO #9 	19.461805 %	 hit: 19462  miss: 80539
FILO #10 	19.354806 %	 hit: 19355  miss: 80646
>>> Average hit_ratio: 0.21085589144108557	(over 10 simulations)

>>> Simulating LRU...
LRU #1 	68.097319 %	 hit: 68098  miss: 31903
LRU #2 	67.957320 %	 hit: 67958  miss: 32043
LRU #3 	68.109319 %	 hit: 68110  miss: 31891
LRU #4 	67.594324 %	 hit: 67595  miss: 32406
LRU #5 	67.787322 %	 hit: 67788  miss: 32213
LRU #6 	68.011320 %	 hit: 68012  miss: 31989
LRU #7 	67.803322 %	 hit: 67804  miss: 32197
LRU #8 	67.779322 %	 hit: 67780  miss: 32221
LRU #9 	67.865321 %	 hit: 67866  miss: 32135
LRU #10 	68.042320 %	 hit: 68043  miss: 31958
>>> Average hit_ratio: 0.6790472095279048	(over 10 simulations)

>>> Simulating LFU...
LFU #1 	76.262237 %	 hit: 76263  miss: 23738
LFU #2 	73.554264 %	 hit: 73555  miss: 26446
LFU #3 	76.794232 %	 hit: 76795  miss: 23206
LFU #4 	74.048260 %	 hit: 74049  miss: 25952
LFU #5 	76.270237 %	 hit: 76271  miss: 23730
LFU #6 	76.221238 %	 hit: 76222  miss: 23779
LFU #7 	74.949251 %	 hit: 74950  miss: 25051
LFU #8 	76.340237 %	 hit: 76341  miss: 23660
LFU #9 	76.410236 %	 hit: 76411  miss: 23590
LFU #10 	75.498245 %	 hit: 75499  miss: 24502
>>> Average hit_ratio: 0.7563484365156349	(over 10 simulations)

>>> Simulating LFU_IDEAL...
LFU_IDEAL #1 	77.318227 %	 hit: 77319  miss: 22682
LFU_IDEAL #2 	77.343227 %	 hit: 77344  miss: 22657
LFU_IDEAL #3 	77.481225 %	 hit: 77482  miss: 22519
LFU_IDEAL #4 	77.147229 %	 hit: 77148  miss: 22853
LFU_IDEAL #5 	77.259227 %	 hit: 77260  miss: 22741
LFU_IDEAL #6 	77.504225 %	 hit: 77505  miss: 22496
LFU_IDEAL #7 	77.435226 %	 hit: 77436  miss: 22565
LFU_IDEAL #8 	77.279227 %	 hit: 77280  miss: 22721
LFU_IDEAL #9 	77.388226 %	 hit: 77389  miss: 22612
LFU_IDEAL #10 	77.360226 %	 hit: 77361  miss: 22640
>>> Average hit_ratio: 0.7735162648373517	(over 10 simulations)

>>> Simulating MIN...
MIN #1 	80.708193 %	 hit: 80709  miss: 19292
MIN #2 	80.626194 %	 hit: 80627  miss: 19374
MIN #3 	80.834192 %	 hit: 80835  miss: 19166
MIN #4 	80.542195 %	 hit: 80543  miss: 19458
MIN #5 	80.590194 %	 hit: 80591  miss: 19410
MIN #6 	80.768192 %	 hit: 80769  miss: 19232
MIN #7 	80.559194 %	 hit: 80560  miss: 19441
MIN #8 	80.637194 %	 hit: 80638  miss: 19363
MIN #9 	80.647194 %	 hit: 80648  miss: 19353
MIN #10 	80.743193 %	 hit: 80744  miss: 19257
>>> Average hit_ratio: 0.8066559334406656	(over 10 simulations)

>>> Simulating MAD...
MAD #1 	77.295227 %	 hit: 77296  miss: 22705
MAD #2 	77.329227 %	 hit: 77330  miss: 22671
MAD #3 	77.453225 %	 hit: 77454  miss: 22547
MAD #4 	77.130229 %	 hit: 77131  miss: 22870
MAD #5 	77.249228 %	 hit: 77250  miss: 22751
MAD #6 	77.486225 %	 hit: 77487  miss: 22514
MAD #7 	77.431226 %	 hit: 77432  miss: 22569
MAD #8 	77.263227 %	 hit: 77264  miss: 22737
MAD #9 	77.376226 %	 hit: 77377  miss: 22624
MAD #10 	77.372226 %	 hit: 77373  miss: 22628
>>> Average hit_ratio: 0.7733862661373386	(over 10 simulations)

>>> Simulating MAD_LFU...
MAD_LFU #1 	77.304227 %	 hit: 77305  miss: 22696
MAD_LFU #2 	77.329227 %	 hit: 77330  miss: 22671
MAD_LFU #3 	77.468225 %	 hit: 77469  miss: 22532
MAD_LFU #4 	77.143229 %	 hit: 77144  miss: 22857
MAD_LFU #5 	77.253227 %	 hit: 77254  miss: 22747
MAD_LFU #6 	77.496225 %	 hit: 77497  miss: 22504
MAD_LFU #7 	77.436226 %	 hit: 77437  miss: 22564
MAD_LFU #8 	77.269227 %	 hit: 77270  miss: 22731
MAD_LFU #9 	77.380226 %	 hit: 77381  miss: 22620
MAD_LFU #10 	77.367226 %	 hit: 77368  miss: 22633
>>> Average hit_ratio: 0.7734472655273448	(over 10 simulations)

>>> Simulating MAD_P...
MAD_P #1 	77.223228 %	 hit: 77224  miss: 22777
MAD_P #2 	77.246228 %	 hit: 77247  miss: 22754
MAD_P #3 	77.372226 %	 hit: 77373  miss: 22628
MAD_P #4 	77.070229 %	 hit: 77071  miss: 22930
MAD_P #5 	77.358226 %	 hit: 77359  miss: 22642
MAD_P #6 	77.425226 %	 hit: 77426  miss: 22575
MAD_P #7 	77.336227 %	 hit: 77337  miss: 22664
MAD_P #8 	77.196228 %	 hit: 77197  miss: 22804
MAD_P #9 	77.400226 %	 hit: 77401  miss: 22600
MAD_P #10 	77.217228 %	 hit: 77218  miss: 22783
>>> Average hit_ratio: 0.7728452715472844	(over 10 simulations)

>>> Simulating MAD_MIN...
MAD_MIN #1 	75.708243 %	 hit: 75709  miss: 24292
MAD_MIN #2 	76.997230 %	 hit: 76998  miss: 23003
MAD_MIN #3 	75.566244 %	 hit: 75567  miss: 24434
MAD_MIN #4 	75.056249 %	 hit: 75057  miss: 24944
MAD_MIN #5 	77.252227 %	 hit: 77253  miss: 22748
MAD_MIN #6 	76.489235 %	 hit: 76490  miss: 23511
MAD_MIN #7 	72.586274 %	 hit: 72587  miss: 27414
MAD_MIN #8 	75.581244 %	 hit: 75582  miss: 24419
MAD_MIN #9 	75.464245 %	 hit: 75465  miss: 24536
MAD_MIN #10 	75.446246 %	 hit: 75447  miss: 24554
>>> Average hit_ratio: 0.7561474385256147	(over 10 simulations)

>>> Simulating MINAD...
MINAD #1 	80.334197 %	 hit: 80335  miss: 19666
MINAD #2 	80.238198 %	 hit: 80239  miss: 19762
MINAD #3 	80.421196 %	 hit: 80422  miss: 19579
MINAD #4 	80.156198 %	 hit: 80157  miss: 19844
MINAD #5 	80.189198 %	 hit: 80190  miss: 19811
MINAD #6 	80.382196 %	 hit: 80383  miss: 19618
MINAD #7 	80.181198 %	 hit: 80182  miss: 19819
MINAD #8 	80.252197 %	 hit: 80253  miss: 19748
MINAD #9 	80.263197 %	 hit: 80264  miss: 19737
MINAD #10 	80.335197 %	 hit: 80336  miss: 19665
>>> Average hit_ratio: 0.8027529724702754	(over 10 simulations)

>>> Simulating MINAD_P...
MINAD_P #1 	80.027200 %	 hit: 80028  miss: 19973
MINAD_P #2 	79.943201 %	 hit: 79944  miss: 20057
MINAD_P #3 	80.098199 %	 hit: 80099  miss: 19902
MINAD_P #4 	79.860201 %	 hit: 79861  miss: 20140
MINAD_P #5 	79.906201 %	 hit: 79907  miss: 20094
MINAD_P #6 	80.085199 %	 hit: 80086  miss: 19915
MINAD_P #7 	79.906201 %	 hit: 79907  miss: 20094
MINAD_P #8 	79.981200 %	 hit: 79982  miss: 20019
MINAD_P #9 	79.961200 %	 hit: 79962  miss: 20039
MINAD_P #10 	80.050199 %	 hit: 80051  miss: 19950
>>> Average hit_ratio: 0.7998190018099819	(over 10 simulations)

>>> Simulating MINAD_L...
MINAD_L #1 	78.046220 %	 hit: 78047  miss: 21954
MINAD_L #2 	78.111219 %	 hit: 78112  miss: 21889
MINAD_L #3 	78.223218 %	 hit: 78224  miss: 21777
MINAD_L #4 	77.853221 %	 hit: 77854  miss: 22147
MINAD_L #5 	78.008220 %	 hit: 78009  miss: 21992
MINAD_L #6 	78.305217 %	 hit: 78306  miss: 21695
MINAD_L #7 	78.241218 %	 hit: 78242  miss: 21759
MINAD_L #8 	78.060219 %	 hit: 78061  miss: 21940
MINAD_L #9 	78.142219 %	 hit: 78143  miss: 21858
MINAD_L #10 	78.184218 %	 hit: 78185  miss: 21816
>>> Average hit_ratio: 0.7811751882481175	(over 10 simulations)

>>> Simulating MINAD_W...
MINAD_W #1 	78.157218 %	 hit: 78158  miss: 21843
MINAD_W #2 	78.189218 %	 hit: 78190  miss: 21811
MINAD_W #3 	78.305217 %	 hit: 78306  miss: 21695
MINAD_W #4 	77.938221 %	 hit: 77939  miss: 22062
MINAD_W #5 	78.112219 %	 hit: 78113  miss: 21888
MINAD_W #6 	78.387216 %	 hit: 78388  miss: 21613
MINAD_W #7 	78.300217 %	 hit: 78301  miss: 21700
MINAD_W #8 	78.143219 %	 hit: 78144  miss: 21857
MINAD_W #9 	78.228218 %	 hit: 78229  miss: 21772
MINAD_W #10 	78.253217 %	 hit: 78254  miss: 21747
>>> Average hit_ratio: 0.7820141798582013	(over 10 simulations)

--------------------------------------------------

>>> RESULTS - (over 10 simulations)
| Algorithms   |   hit_ratio (10) |
|--------------|------------------|
| MIN          |         0.806656 |
| MINAD        |         0.802753 |
| MINAD_P      |         0.799819 |
| MINAD_W      |         0.782014 |
| MINAD_L      |         0.781175 |
| LFU_IDEAL    |         0.773516 |
| MAD_LFU      |         0.773447 |
| MAD          |         0.773386 |
| MAD_P        |         0.772845 |
| LFU          |         0.756348 |
| MAD_MIN      |         0.756147 |
| LRU          |         0.679047 |
| FIFO         |         0.609996 |
| RR           |         0.60955  |
| FILO         |         0.210856 |


-------------------------------------------------- RAW DATA (CSV)
ALGORITHM,METRIC,RESULT,REQUEST_FRQ,ZIPF_ETA,N_ITER,N_REQUESTS,CACHE_SIZE,LIBRARY_SIZE,SEED
RR,latency_loss,1448.149351506485,1000,1.5,10,100000,10,1000,5390973 
FIFO,latency_loss,1461.2734942650573,1000,1.5,10,100000,10,1000,5390973 
FILO,latency_loss,1453.7261027389727,1000,1.5,10,100000,10,1000,5390973 
LRU,latency_loss,875.7436845631544,1000,1.5,10,100000,10,1000,5390973 
LFU,latency_loss,193.91744482555174,1000,1.5,10,100000,10,1000,5390973 
LFU_IDEAL,latency_loss,181.74811251887482,1000,1.5,10,100000,10,1000,5390973 
MIN,latency_loss,284.749427505725,1000,1.5,10,100000,10,1000,5390973 
MAD,latency_loss,182.42305276947235,1000,1.5,10,100000,10,1000,5390973 
MAD_LFU,latency_loss,181.91553984460154,1000,1.5,10,100000,10,1000,5390973 
MAD_P,latency_loss,192.7120998790012,1000,1.5,10,100000,10,1000,5390973 
MAD_MIN,latency_loss,193.98326516734835,1000,1.5,10,100000,10,1000,5390973 
MINAD,latency_loss,211.71942680573193,1000,1.5,10,100000,10,1000,5390973 
MINAD_P,latency_loss,210.26019539804602,1000,1.5,10,100000,10,1000,5390973 
MINAD_L,latency_loss,183.05338746612534,1000,1.5,10,100000,10,1000,5390973 
MINAD_W,latency_loss,182.26051539484607,1000,1.5,10,100000,10,1000,5390973 
RR,simple_loss,390.450095499045,1000,1.5,10,100000,10,1000,5390973 
FIFO,simple_loss,390.0040999590004,1000,1.5,10,100000,10,1000,5390973 
FILO,simple_loss,789.1441085589144,1000,1.5,10,100000,10,1000,5390973 
LRU,simple_loss,320.9527904720953,1000,1.5,10,100000,10,1000,5390973 
LFU,simple_loss,243.6515634843651,1000,1.5,10,100000,10,1000,5390973 
LFU_IDEAL,simple_loss,226.48373516264837,1000,1.5,10,100000,10,1000,5390973 
MIN,simple_loss,193.3440665593344,1000,1.5,10,100000,10,1000,5390973 
MAD,simple_loss,226.61373386266138,1000,1.5,10,100000,10,1000,5390973 
MAD_LFU,simple_loss,226.55273447265526,1000,1.5,10,100000,10,1000,5390973 
MAD_P,simple_loss,227.15472845271546,1000,1.5,10,100000,10,1000,5390973 
MAD_MIN,simple_loss,243.85256147438525,1000,1.5,10,100000,10,1000,5390973 
MINAD,simple_loss,197.24702752972468,1000,1.5,10,100000,10,1000,5390973 
MINAD_P,simple_loss,200.1809981900181,1000,1.5,10,100000,10,1000,5390973 
MINAD_L,simple_loss,218.82481175188246,1000,1.5,10,100000,10,1000,5390973 
MINAD_W,simple_loss,217.98582014179857,1000,1.5,10,100000,10,1000,5390973 
RR,hit_ratio,0.609549904500955,1000,1.5,10,100000,10,1000,5390973 
FIFO,hit_ratio,0.6099959000409996,1000,1.5,10,100000,10,1000,5390973 
FILO,hit_ratio,0.21085589144108557,1000,1.5,10,100000,10,1000,5390973 
LRU,hit_ratio,0.6790472095279048,1000,1.5,10,100000,10,1000,5390973 
LFU,hit_ratio,0.7563484365156349,1000,1.5,10,100000,10,1000,5390973 
LFU_IDEAL,hit_ratio,0.7735162648373517,1000,1.5,10,100000,10,1000,5390973 
MIN,hit_ratio,0.8066559334406656,1000,1.5,10,100000,10,1000,5390973 
MAD,hit_ratio,0.7733862661373386,1000,1.5,10,100000,10,1000,5390973 
MAD_LFU,hit_ratio,0.7734472655273448,1000,1.5,10,100000,10,1000,5390973 
MAD_P,hit_ratio,0.7728452715472844,1000,1.5,10,100000,10,1000,5390973 
MAD_MIN,hit_ratio,0.7561474385256147,1000,1.5,10,100000,10,1000,5390973 
MINAD,hit_ratio,0.8027529724702754,1000,1.5,10,100000,10,1000,5390973 
MINAD_P,hit_ratio,0.7998190018099819,1000,1.5,10,100000,10,1000,5390973 
MINAD_L,hit_ratio,0.7811751882481175,1000,1.5,10,100000,10,1000,5390973 
MINAD_W,hit_ratio,0.7820141798582013,1000,1.5,10,100000,10,1000,5390973 

--------------------------------------------------


+--------------+----------------+---------------+-------------+
| Algorithms   |   latency_loss |   simple_loss |   hit_ratio |
+==============+================+===============+=============+
| LFU_IDEAL    |        181.748 |       226.484 |    0.773516 |
+--------------+----------------+---------------+-------------+
| MAD_LFU      |        181.916 |       226.553 |    0.773447 |
+--------------+----------------+---------------+-------------+
| MINAD_W      |        182.261 |       217.986 |    0.782014 |
+--------------+----------------+---------------+-------------+
| MAD          |        182.423 |       226.614 |    0.773386 |
+--------------+----------------+---------------+-------------+
| MINAD_L      |        183.053 |       218.825 |    0.781175 |
+--------------+----------------+---------------+-------------+
| MAD_P        |        192.712 |       227.155 |    0.772845 |
+--------------+----------------+---------------+-------------+
| LFU          |        193.917 |       243.652 |    0.756348 |
+--------------+----------------+---------------+-------------+
| MAD_MIN      |        193.983 |       243.853 |    0.756147 |
+--------------+----------------+---------------+-------------+
| MINAD_P      |        210.26  |       200.181 |    0.799819 |
+--------------+----------------+---------------+-------------+
| MINAD        |        211.719 |       197.247 |    0.802753 |
+--------------+----------------+---------------+-------------+
| MIN          |        284.749 |       193.344 |    0.806656 |
+--------------+----------------+---------------+-------------+
| LRU          |        875.744 |       320.953 |    0.679047 |
+--------------+----------------+---------------+-------------+
| RR           |       1448.15  |       390.45  |    0.60955  |
+--------------+----------------+---------------+-------------+
| FILO         |       1453.73  |       789.144 |    0.210856 |
+--------------+----------------+---------------+-------------+
| FIFO         |       1461.27  |       390.004 |    0.609996 |
+--------------+----------------+---------------+-------------+
