>>> HYPERPARAMETERS 
Testing algorithms dict_keys(['MIN', 'FIFO', 'FILO', 'LFU', 'LFU_IDEAL', 'LRU', 'MAD', 'MAD_LFU', 'MAD_LFU2', 'MAD_MIN', 'MAD_P', 'MINAD', 'MINAD_L', 'MINAD_P', 'MINAD_W', 'RR']), 10 simulations of 100000 requests distributed with eta=1.5, Cache size is 10 with 1000 files in main memory
-----------------------  ---------------------------------------------------------------------------------------------------------------------------------------------------------------
algorithms               dict_keys(['MIN', 'FIFO', 'FILO', 'LFU', 'LFU_IDEAL', 'LRU', 'MAD', 'MAD_LFU', 'MAD_LFU2', 'MAD_MIN', 'MAD_P', 'MINAD', 'MINAD_L', 'MINAD_P', 'MINAD_W', 'RR'])
n_iter                   10
n_requests               100000
cache_size               10
library_size             1000
performance_metric_name  latency_loss
request_frq              1000
zipf_eta                 1.5
seed                     3560347
-----------------------  ---------------------------------------------------------------------------------------------------------------------------------------------------------------
>>> Simulating MIN...
MIN #1 	288.086479	 hit: 80621  miss: 19380
MIN #2 	296.810652	 hit: 80628  miss: 19373
MIN #3 	287.487955	 hit: 80584  miss: 19417
MIN #4 	278.605864	 hit: 80650  miss: 19351
MIN #5 	286.588114	 hit: 80715  miss: 19286
MIN #6 	288.559574	 hit: 80652  miss: 19349
MIN #7 	281.965810	 hit: 80767  miss: 19234
MIN #8 	284.455815	 hit: 80877  miss: 19124
MIN #9 	288.143749	 hit: 80652  miss: 19349
MIN #10 	287.753842	 hit: 80887  miss: 19114
>>> Average latency_loss: 286.8457855421446	(over 10 simulations)

>>> Simulating FIFO...
FIFO #1 	1465.261487	 hit: 60950  miss: 39051
FIFO #2 	1457.855211	 hit: 60879  miss: 39122
FIFO #3 	1464.462295	 hit: 60945  miss: 39056
FIFO #4 	1463.204218	 hit: 60959  miss: 39042
FIFO #5 	1460.946001	 hit: 61066  miss: 38935
FIFO #6 	1458.025600	 hit: 61033  miss: 38968
FIFO #7 	1464.897611	 hit: 60999  miss: 39002
FIFO #8 	1468.741353	 hit: 61337  miss: 38664
FIFO #9 	1460.723693	 hit: 60870  miss: 39131
FIFO #10 	1471.523035	 hit: 61295  miss: 38706
>>> Average latency_loss: 1463.5640503594964	(over 10 simulations)

>>> Simulating FILO...
FILO #1 	1474.486195	 hit: 20000  miss: 80001
FILO #2 	1471.559254	 hit: 18398  miss: 81603
FILO #3 	1479.529455	 hit: 18599  miss: 81402
FILO #4 	1480.352266	 hit: 18744  miss: 81257
FILO #5 	1473.676233	 hit: 18524  miss: 81477
FILO #6 	1476.624694	 hit: 18586  miss: 81415
FILO #7 	1482.128969	 hit: 18675  miss: 81326
FILO #8 	1484.528845	 hit: 18616  miss: 81385
FILO #9 	1475.003450	 hit: 18648  miss: 81353
FILO #10 	1486.227438	 hit: 18739  miss: 81262
>>> Average latency_loss: 1478.411679883201	(over 10 simulations)

>>> Simulating LFU...
LFU #1 	182.959490	 hit: 76937  miss: 23064
LFU #2 	186.265447	 hit: 76638  miss: 23363
LFU #3 	187.782972	 hit: 76539  miss: 23462
LFU #4 	198.750762	 hit: 75148  miss: 24853
LFU #5 	191.686873	 hit: 75773  miss: 24228
LFU #6 	192.139139	 hit: 75701  miss: 24300
LFU #7 	186.707093	 hit: 76708  miss: 23293
LFU #8 	194.904601	 hit: 75252  miss: 24749
LFU #9 	193.369986	 hit: 75869  miss: 24132
LFU #10 	202.966450	 hit: 74888  miss: 25113
>>> Average latency_loss: 191.75328146718533	(over 10 simulations)

>>> Simulating LFU_IDEAL...
LFU_IDEAL #1 	180.936121	 hit: 77293  miss: 22708
LFU_IDEAL #2 	181.643894	 hit: 77366  miss: 22635
LFU_IDEAL #3 	183.567444	 hit: 77189  miss: 22812
LFU_IDEAL #4 	181.678503	 hit: 77377  miss: 22624
LFU_IDEAL #5 	180.632244	 hit: 77505  miss: 22496
LFU_IDEAL #6 	181.489825	 hit: 77319  miss: 22682
LFU_IDEAL #7 	180.838072	 hit: 77531  miss: 22470
LFU_IDEAL #8 	179.325437	 hit: 77624  miss: 22377
LFU_IDEAL #9 	182.379906	 hit: 77280  miss: 22721
LFU_IDEAL #10 	180.117059	 hit: 77644  miss: 22357
>>> Average latency_loss: 181.26085039149606	(over 10 simulations)

>>> Simulating LRU...
LRU #1 	918.749973	 hit: 67797  miss: 32204
LRU #2 	836.152268	 hit: 67701  miss: 32300
LRU #3 	865.913861	 hit: 67766  miss: 32235
LRU #4 	968.548505	 hit: 67739  miss: 32262
LRU #5 	878.981720	 hit: 67967  miss: 32034
LRU #6 	877.914151	 hit: 67904  miss: 32097
LRU #7 	821.849402	 hit: 67970  miss: 32031
LRU #8 	873.367366	 hit: 68100  miss: 31901
LRU #9 	868.125499	 hit: 67721  miss: 32280
LRU #10 	835.505805	 hit: 68127  miss: 31874
>>> Average latency_loss: 874.5108548914513	(over 10 simulations)

>>> Simulating MAD...
MAD #1 	181.337957	 hit: 77293  miss: 22708
MAD #2 	181.985210	 hit: 77364  miss: 22637
MAD #3 	183.989930	 hit: 77184  miss: 22817
MAD #4 	181.616414	 hit: 77381  miss: 22620
MAD #5 	181.384336	 hit: 77486  miss: 22515
MAD #6 	181.705533	 hit: 77328  miss: 22673
MAD #7 	181.623904	 hit: 77519  miss: 22482
MAD #8 	179.655853	 hit: 77618  miss: 22383
MAD #9 	182.632814	 hit: 77282  miss: 22719
MAD #10 	180.300967	 hit: 77654  miss: 22347
>>> Average latency_loss: 181.62329176708232	(over 10 simulations)

>>> Simulating MAD_LFU...
MAD_LFU #1 	181.475875	 hit: 77280  miss: 22721
MAD_LFU #2 	181.842042	 hit: 77353  miss: 22648
MAD_LFU #3 	183.713593	 hit: 77186  miss: 22815
MAD_LFU #4 	181.693273	 hit: 77378  miss: 22623
MAD_LFU #5 	180.941731	 hit: 77506  miss: 22495
MAD_LFU #6 	181.572434	 hit: 77327  miss: 22674
MAD_LFU #7 	181.076639	 hit: 77532  miss: 22469
MAD_LFU #8 	179.577694	 hit: 77624  miss: 22377
MAD_LFU #9 	182.407616	 hit: 77287  miss: 22714
MAD_LFU #10 	180.062259	 hit: 77651  miss: 22350
>>> Average latency_loss: 181.43631563684363	(over 10 simulations)

>>> Simulating MAD_LFU2...
MAD_LFU2 #1 	13.766252	 hit: 99958  miss: 43
MAD_LFU2 #2 	15.445156	 hit: 99932  miss: 69
MAD_LFU2 #3 	15.705093	 hit: 99907  miss: 94
MAD_LFU2 #4 	14.238788	 hit: 99951  miss: 50
MAD_LFU2 #5 	15.671183	 hit: 99899  miss: 102
MAD_LFU2 #6 	14.151988	 hit: 99941  miss: 60
MAD_LFU2 #7 	13.949781	 hit: 99952  miss: 49
MAD_LFU2 #8 	15.426116	 hit: 99932  miss: 69
MAD_LFU2 #9 	13.979910	 hit: 99953  miss: 48
MAD_LFU2 #10 	14.698443	 hit: 99950  miss: 51
>>> Average latency_loss: 14.703270967290328	(over 10 simulations)

>>> Simulating MAD_MIN...
MAD_MIN #1 	197.108589	 hit: 74879  miss: 25122
MAD_MIN #2 	188.829252	 hit: 76244  miss: 23757
MAD_MIN #3 	219.467005	 hit: 73242  miss: 26759
MAD_MIN #4 	212.354086	 hit: 73002  miss: 26999
MAD_MIN #5 	204.640054	 hit: 73939  miss: 26062
MAD_MIN #6 	194.513005	 hit: 75514  miss: 24487
MAD_MIN #7 	189.434026	 hit: 76348  miss: 23653
MAD_MIN #8 	188.819682	 hit: 76207  miss: 23794
MAD_MIN #9 	197.252057	 hit: 75012  miss: 24989
MAD_MIN #10 	189.783392	 hit: 76379  miss: 23622
>>> Average latency_loss: 198.22011479885202	(over 10 simulations)

>>> Simulating MAD_P...
MAD_P #1 	50.255967	 hit: 98295  miss: 1706
MAD_P #2 	47.482475	 hit: 98422  miss: 1579
MAD_P #3 	52.144599	 hit: 98061  miss: 1940
MAD_P #4 	42.701413	 hit: 98772  miss: 1229
MAD_P #5 	47.738543	 hit: 98444  miss: 1557
MAD_P #6 	47.341507	 hit: 98477  miss: 1524
MAD_P #7 	44.530885	 hit: 98722  miss: 1279
MAD_P #8 	45.154458	 hit: 98598  miss: 1403
MAD_P #9 	47.356476	 hit: 98408  miss: 1593
MAD_P #10 	44.052459	 hit: 98766  miss: 1235
>>> Average latency_loss: 46.87587824121759	(over 10 simulations)

>>> Simulating MINAD...
MINAD #1 	102.776402	 hit: 96584  miss: 3417
MINAD #2 	101.661833	 hit: 96793  miss: 3208
MINAD #3 	105.268607	 hit: 96631  miss: 3370
MINAD #4 	101.473585	 hit: 96701  miss: 3300
MINAD #5 	101.919051	 hit: 96784  miss: 3217
MINAD #6 	101.127769	 hit: 96715  miss: 3286
MINAD #7 	100.137479	 hit: 96709  miss: 3292
MINAD #8 	102.594884	 hit: 96722  miss: 3279
MINAD #9 	101.560284	 hit: 96671  miss: 3330
MINAD #10 	102.976930	 hit: 96655  miss: 3346
>>> Average latency_loss: 102.14968250317496	(over 10 simulations)

>>> Simulating MINAD_L...
MINAD_L #1 	36.119169	 hit: 99394  miss: 607
MINAD_L #2 	34.525815	 hit: 99500  miss: 501
MINAD_L #3 	38.792302	 hit: 99362  miss: 639
MINAD_L #4 	36.917111	 hit: 99392  miss: 609
MINAD_L #5 	32.237678	 hit: 99504  miss: 497
MINAD_L #6 	35.218878	 hit: 99413  miss: 588
MINAD_L #7 	35.792192	 hit: 99424  miss: 577
MINAD_L #8 	35.561134	 hit: 99412  miss: 589
MINAD_L #9 	33.673863	 hit: 99465  miss: 536
MINAD_L #10 	35.770812	 hit: 99446  miss: 555
>>> Average latency_loss: 35.46089539104609	(over 10 simulations)

>>> Simulating MINAD_P...
MINAD_P #1 	134.058019	 hit: 92793  miss: 7208
MINAD_P #2 	134.795372	 hit: 93129  miss: 6872
MINAD_P #3 	135.324077	 hit: 92873  miss: 7128
MINAD_P #4 	134.529305	 hit: 92875  miss: 7126
MINAD_P #5 	131.704993	 hit: 93276  miss: 6725
MINAD_P #6 	132.084519	 hit: 93088  miss: 6913
MINAD_P #7 	129.963420	 hit: 93175  miss: 6826
MINAD_P #8 	131.756932	 hit: 93177  miss: 6824
MINAD_P #9 	132.480085	 hit: 92951  miss: 7050
MINAD_P #10 	131.032280	 hit: 92913  miss: 7088
>>> Average latency_loss: 132.7729002709973	(over 10 simulations)

>>> Simulating MINAD_W...
MINAD_W #1 	36.066079	 hit: 99421  miss: 580
MINAD_W #2 	33.905201	 hit: 99546  miss: 455
MINAD_W #3 	37.741733	 hit: 99401  miss: 600
MINAD_W #4 	36.510045	 hit: 99437  miss: 564
MINAD_W #5 	31.126339	 hit: 99556  miss: 445
MINAD_W #6 	34.486725	 hit: 99458  miss: 543
MINAD_W #7 	35.169768	 hit: 99459  miss: 542
MINAD_W #8 	35.048740	 hit: 99455  miss: 546
MINAD_W #9 	33.087059	 hit: 99497  miss: 504
MINAD_W #10 	35.618704	 hit: 99471  miss: 530
>>> Average latency_loss: 34.87603923960761	(over 10 simulations)

>>> Simulating RR...
RR #1 	1453.860751	 hit: 60938  miss: 39063
RR #2 	1442.528915	 hit: 60860  miss: 39141
RR #3 	1451.474165	 hit: 60764  miss: 39237
RR #4 	1446.136939	 hit: 60998  miss: 39003
RR #5 	1446.065789	 hit: 61012  miss: 38989
RR #6 	1447.638474	 hit: 60868  miss: 39133
RR #7 	1453.021440	 hit: 61039  miss: 38962
RR #8 	1454.135619	 hit: 61248  miss: 38753
RR #9 	1443.109929	 hit: 60903  miss: 39098
RR #10 	1456.466895	 hit: 61243  miss: 38758
>>> Average latency_loss: 1449.4438915610842	(over 10 simulations)

--------------------------------------------------

>>> RESULTS - (over 10 simulations)
| Algorithms   |   latency_loss (10) |
|--------------|---------------------|
| MAD_LFU2     |             14.7033 |
| MINAD_W      |             34.876  |
| MINAD_L      |             35.4609 |
| MAD_P        |             46.8759 |
| MINAD        |            102.15   |
| MINAD_P      |            132.773  |
| LFU_IDEAL    |            181.261  |
| MAD_LFU      |            181.436  |
| MAD          |            181.623  |
| LFU          |            191.753  |
| MAD_MIN      |            198.22   |
| MIN          |            286.846  |
| LRU          |            874.511  |
| RR           |           1449.44   |
| FIFO         |           1463.56   |
| FILO         |           1478.41   |


>>> HYPERPARAMETERS 
Testing algorithms dict_keys(['MIN', 'FIFO', 'FILO', 'LFU', 'LFU_IDEAL', 'LRU', 'MAD', 'MAD_LFU', 'MAD_LFU2', 'MAD_MIN', 'MAD_P', 'MINAD', 'MINAD_L', 'MINAD_P', 'MINAD_W', 'RR']), 10 simulations of 100000 requests distributed with eta=1.5, Cache size is 10 with 1000 files in main memory
-----------------------  ---------------------------------------------------------------------------------------------------------------------------------------------------------------
algorithms               dict_keys(['MIN', 'FIFO', 'FILO', 'LFU', 'LFU_IDEAL', 'LRU', 'MAD', 'MAD_LFU', 'MAD_LFU2', 'MAD_MIN', 'MAD_P', 'MINAD', 'MINAD_L', 'MINAD_P', 'MINAD_W', 'RR'])
n_iter                   10
n_requests               100000
cache_size               10
library_size             1000
performance_metric_name  simple_loss
request_frq              1000
zipf_eta                 1.5
seed                     3560347
-----------------------  ---------------------------------------------------------------------------------------------------------------------------------------------------------------
>>> Simulating MIN...
MIN #1 	193.798062	 hit: 19380  miss: 80621
MIN #2 	193.728063	 hit: 19373  miss: 80628
MIN #3 	194.168058	 hit: 19417  miss: 80584
MIN #4 	193.508065	 hit: 19351  miss: 80650
MIN #5 	192.858071	 hit: 19286  miss: 80715
MIN #6 	193.488065	 hit: 19349  miss: 80652
MIN #7 	192.338077	 hit: 19234  miss: 80767
MIN #8 	191.238088	 hit: 19124  miss: 80877
MIN #9 	193.488065	 hit: 19349  miss: 80652
MIN #10 	191.138089	 hit: 19114  miss: 80887
>>> Average simple_loss: 192.97507024929752	(over 10 simulations)

>>> Simulating FIFO...
FIFO #1 	390.506095	 hit: 39051  miss: 60950
FIFO #2 	391.216088	 hit: 39122  miss: 60879
FIFO #3 	390.556094	 hit: 39056  miss: 60945
FIFO #4 	390.416096	 hit: 39042  miss: 60959
FIFO #5 	389.346107	 hit: 38935  miss: 61066
FIFO #6 	389.676103	 hit: 38968  miss: 61033
FIFO #7 	390.016100	 hit: 39002  miss: 60999
FIFO #8 	386.636134	 hit: 38664  miss: 61337
FIFO #9 	391.306087	 hit: 39131  miss: 60870
FIFO #10 	387.056129	 hit: 38706  miss: 61295
>>> Average simple_loss: 389.67310326896734	(over 10 simulations)

>>> Simulating FILO...
FILO #1 	800.002000	 hit: 80001  miss: 20000
FILO #2 	816.021840	 hit: 81603  miss: 18398
FILO #3 	814.011860	 hit: 81402  miss: 18599
FILO #4 	812.561874	 hit: 81257  miss: 18744
FILO #5 	814.761852	 hit: 81477  miss: 18524
FILO #6 	814.141859	 hit: 81415  miss: 18586
FILO #7 	813.251867	 hit: 81326  miss: 18675
FILO #8 	813.841862	 hit: 81385  miss: 18616
FILO #9 	813.521865	 hit: 81353  miss: 18648
FILO #10 	812.611874	 hit: 81262  miss: 18739
>>> Average simple_loss: 812.4728752712473	(over 10 simulations)

>>> Simulating LFU...
LFU #1 	230.637694	 hit: 23064  miss: 76937
LFU #2 	233.627664	 hit: 23363  miss: 76638
LFU #3 	234.617654	 hit: 23462  miss: 76539
LFU #4 	248.527515	 hit: 24853  miss: 75148
LFU #5 	242.277577	 hit: 24228  miss: 75773
LFU #6 	242.997570	 hit: 24300  miss: 75701
LFU #7 	232.927671	 hit: 23293  miss: 76708
LFU #8 	247.487525	 hit: 24749  miss: 75252
LFU #9 	241.317587	 hit: 24132  miss: 75869
LFU #10 	251.127489	 hit: 25113  miss: 74888
>>> Average simple_loss: 240.5545944540555	(over 10 simulations)

>>> Simulating LFU_IDEAL...
LFU_IDEAL #1 	227.077729	 hit: 22708  miss: 77293
LFU_IDEAL #2 	226.347737	 hit: 22635  miss: 77366
LFU_IDEAL #3 	228.117719	 hit: 22812  miss: 77189
LFU_IDEAL #4 	226.237738	 hit: 22624  miss: 77377
LFU_IDEAL #5 	224.957750	 hit: 22496  miss: 77505
LFU_IDEAL #6 	226.817732	 hit: 22682  miss: 77319
LFU_IDEAL #7 	224.697753	 hit: 22470  miss: 77531
LFU_IDEAL #8 	223.767762	 hit: 22377  miss: 77624
LFU_IDEAL #9 	227.207728	 hit: 22721  miss: 77280
LFU_IDEAL #10 	223.567764	 hit: 22357  miss: 77644
>>> Average simple_loss: 225.87974120258795	(over 10 simulations)

>>> Simulating LRU...
LRU #1 	322.036780	 hit: 32204  miss: 67797
LRU #2 	322.996770	 hit: 32300  miss: 67701
LRU #3 	322.346777	 hit: 32235  miss: 67766
LRU #4 	322.616774	 hit: 32262  miss: 67739
LRU #5 	320.336797	 hit: 32034  miss: 67967
LRU #6 	320.966790	 hit: 32097  miss: 67904
LRU #7 	320.306797	 hit: 32031  miss: 67970
LRU #8 	319.006810	 hit: 31901  miss: 68100
LRU #9 	322.796772	 hit: 32280  miss: 67721
LRU #10 	318.736813	 hit: 31874  miss: 68127
>>> Average simple_loss: 321.21478785212145	(over 10 simulations)

>>> Simulating MAD...
MAD #1 	227.077729	 hit: 22708  miss: 77293
MAD #2 	226.367736	 hit: 22637  miss: 77364
MAD #3 	228.167718	 hit: 22817  miss: 77184
MAD #4 	226.197738	 hit: 22620  miss: 77381
MAD #5 	225.147749	 hit: 22515  miss: 77486
MAD #6 	226.727733	 hit: 22673  miss: 77328
MAD #7 	224.817752	 hit: 22482  miss: 77519
MAD #8 	223.827762	 hit: 22383  miss: 77618
MAD #9 	227.187728	 hit: 22719  miss: 77282
MAD #10 	223.467765	 hit: 22347  miss: 77654
>>> Average simple_loss: 225.89874101258982	(over 10 simulations)

>>> Simulating MAD_LFU...
MAD_LFU #1 	227.207728	 hit: 22721  miss: 77280
MAD_LFU #2 	226.477735	 hit: 22648  miss: 77353
MAD_LFU #3 	228.147719	 hit: 22815  miss: 77186
MAD_LFU #4 	226.227738	 hit: 22623  miss: 77378
MAD_LFU #5 	224.947751	 hit: 22495  miss: 77506
MAD_LFU #6 	226.737733	 hit: 22674  miss: 77327
MAD_LFU #7 	224.687753	 hit: 22469  miss: 77532
MAD_LFU #8 	223.767762	 hit: 22377  miss: 77624
MAD_LFU #9 	227.137729	 hit: 22714  miss: 77287
MAD_LFU #10 	223.497765	 hit: 22350  miss: 77651
>>> Average simple_loss: 225.88374116258836	(over 10 simulations)

>>> Simulating MAD_LFU2...
MAD_LFU2 #1 	0.429996	 hit: 43  miss: 99958
MAD_LFU2 #2 	0.689993	 hit: 69  miss: 99932
MAD_LFU2 #3 	0.939991	 hit: 94  miss: 99907
MAD_LFU2 #4 	0.499995	 hit: 50  miss: 99951
MAD_LFU2 #5 	1.019990	 hit: 102  miss: 99899
MAD_LFU2 #6 	0.599994	 hit: 60  miss: 99941
MAD_LFU2 #7 	0.489995	 hit: 49  miss: 99952
MAD_LFU2 #8 	0.689993	 hit: 69  miss: 99932
MAD_LFU2 #9 	0.479995	 hit: 48  miss: 99953
MAD_LFU2 #10 	0.509995	 hit: 51  miss: 99950
>>> Average simple_loss: 0.6349936500634994	(over 10 simulations)

>>> Simulating MAD_MIN...
MAD_MIN #1 	251.217488	 hit: 25122  miss: 74879
MAD_MIN #2 	237.567624	 hit: 23757  miss: 76244
MAD_MIN #3 	267.587324	 hit: 26759  miss: 73242
MAD_MIN #4 	269.987300	 hit: 26999  miss: 73002
MAD_MIN #5 	260.617394	 hit: 26062  miss: 73939
MAD_MIN #6 	244.867551	 hit: 24487  miss: 75514
MAD_MIN #7 	236.527635	 hit: 23653  miss: 76348
MAD_MIN #8 	237.937621	 hit: 23794  miss: 76207
MAD_MIN #9 	249.887501	 hit: 24989  miss: 75012
MAD_MIN #10 	236.217638	 hit: 23622  miss: 76379
>>> Average simple_loss: 249.24150758492414	(over 10 simulations)

>>> Simulating MAD_P...
MAD_P #1 	17.059829	 hit: 1706  miss: 98295
MAD_P #2 	15.789842	 hit: 1579  miss: 98422
MAD_P #3 	19.399806	 hit: 1940  miss: 98061
MAD_P #4 	12.289877	 hit: 1229  miss: 98772
MAD_P #5 	15.569844	 hit: 1557  miss: 98444
MAD_P #6 	15.239848	 hit: 1524  miss: 98477
MAD_P #7 	12.789872	 hit: 1279  miss: 98722
MAD_P #8 	14.029860	 hit: 1403  miss: 98598
MAD_P #9 	15.929841	 hit: 1593  miss: 98408
MAD_P #10 	12.349877	 hit: 1235  miss: 98766
>>> Average simple_loss: 15.044849551504484	(over 10 simulations)

>>> Simulating MINAD...
MINAD #1 	34.169658	 hit: 3417  miss: 96584
MINAD #2 	32.079679	 hit: 3208  miss: 96793
MINAD #3 	33.699663	 hit: 3370  miss: 96631
MINAD #4 	32.999670	 hit: 3300  miss: 96701
MINAD #5 	32.169678	 hit: 3217  miss: 96784
MINAD #6 	32.859671	 hit: 3286  miss: 96715
MINAD #7 	32.919671	 hit: 3292  miss: 96709
MINAD #8 	32.789672	 hit: 3279  miss: 96722
MINAD #9 	33.299667	 hit: 3330  miss: 96671
MINAD #10 	33.459665	 hit: 3346  miss: 96655
>>> Average simple_loss: 33.04466955330447	(over 10 simulations)

>>> Simulating MINAD_L...
MINAD_L #1 	6.069939	 hit: 607  miss: 99394
MINAD_L #2 	5.009950	 hit: 501  miss: 99500
MINAD_L #3 	6.389936	 hit: 639  miss: 99362
MINAD_L #4 	6.089939	 hit: 609  miss: 99392
MINAD_L #5 	4.969950	 hit: 497  miss: 99504
MINAD_L #6 	5.879941	 hit: 588  miss: 99413
MINAD_L #7 	5.769942	 hit: 577  miss: 99424
MINAD_L #8 	5.889941	 hit: 589  miss: 99412
MINAD_L #9 	5.359946	 hit: 536  miss: 99465
MINAD_L #10 	5.549945	 hit: 555  miss: 99446
>>> Average simple_loss: 5.697943020569793	(over 10 simulations)

>>> Simulating MINAD_P...
MINAD_P #1 	72.079279	 hit: 7208  miss: 92793
MINAD_P #2 	68.719313	 hit: 6872  miss: 93129
MINAD_P #3 	71.279287	 hit: 7128  miss: 92873
MINAD_P #4 	71.259287	 hit: 7126  miss: 92875
MINAD_P #5 	67.249328	 hit: 6725  miss: 93276
MINAD_P #6 	69.129309	 hit: 6913  miss: 93088
MINAD_P #7 	68.259317	 hit: 6826  miss: 93175
MINAD_P #8 	68.239318	 hit: 6824  miss: 93177
MINAD_P #9 	70.499295	 hit: 7050  miss: 92951
MINAD_P #10 	70.879291	 hit: 7088  miss: 92913
>>> Average simple_loss: 69.75930240697593	(over 10 simulations)

>>> Simulating MINAD_W...
MINAD_W #1 	5.799942	 hit: 580  miss: 99421
MINAD_W #2 	4.549955	 hit: 455  miss: 99546
MINAD_W #3 	5.999940	 hit: 600  miss: 99401
MINAD_W #4 	5.639944	 hit: 564  miss: 99437
MINAD_W #5 	4.449956	 hit: 445  miss: 99556
MINAD_W #6 	5.429946	 hit: 543  miss: 99458
MINAD_W #7 	5.419946	 hit: 542  miss: 99459
MINAD_W #8 	5.459945	 hit: 546  miss: 99455
MINAD_W #9 	5.039950	 hit: 504  miss: 99497
MINAD_W #10 	5.299947	 hit: 530  miss: 99471
>>> Average simple_loss: 5.308946910530896	(over 10 simulations)

>>> Simulating RR...
RR #1 	390.626094	 hit: 39063  miss: 60938
RR #2 	391.406086	 hit: 39141  miss: 60860
RR #3 	392.366076	 hit: 39237  miss: 60764
RR #4 	390.026100	 hit: 39003  miss: 60998
RR #5 	389.886101	 hit: 38989  miss: 61012
RR #6 	391.326087	 hit: 39133  miss: 60868
RR #7 	389.616104	 hit: 38962  miss: 61039
RR #8 	387.526125	 hit: 38753  miss: 61248
RR #9 	390.976090	 hit: 39098  miss: 60903
RR #10 	387.576124	 hit: 38758  miss: 61243
>>> Average simple_loss: 390.1330986690133	(over 10 simulations)

--------------------------------------------------

>>> RESULTS - (over 10 simulations)
| Algorithms   |   simple_loss (10) |
|--------------|--------------------|
| MAD_LFU2     |           0.634994 |
| MINAD_W      |           5.30895  |
| MINAD_L      |           5.69794  |
| MAD_P        |          15.0448   |
| MINAD        |          33.0447   |
| MINAD_P      |          69.7593   |
| MIN          |         192.975    |
| LFU_IDEAL    |         225.88     |
| MAD_LFU      |         225.884    |
| MAD          |         225.899    |
| LFU          |         240.555    |
| MAD_MIN      |         249.242    |
| LRU          |         321.215    |
| FIFO         |         389.673    |
| RR           |         390.133    |
| FILO         |         812.473    |


>>> HYPERPARAMETERS 
Testing algorithms dict_keys(['MIN', 'FIFO', 'FILO', 'LFU', 'LFU_IDEAL', 'LRU', 'MAD', 'MAD_LFU', 'MAD_LFU2', 'MAD_MIN', 'MAD_P', 'MINAD', 'MINAD_L', 'MINAD_P', 'MINAD_W', 'RR']), 10 simulations of 100000 requests distributed with eta=1.5, Cache size is 10 with 1000 files in main memory
-----------------------  ---------------------------------------------------------------------------------------------------------------------------------------------------------------
algorithms               dict_keys(['MIN', 'FIFO', 'FILO', 'LFU', 'LFU_IDEAL', 'LRU', 'MAD', 'MAD_LFU', 'MAD_LFU2', 'MAD_MIN', 'MAD_P', 'MINAD', 'MINAD_L', 'MINAD_P', 'MINAD_W', 'RR'])
n_iter                   10
n_requests               100000
cache_size               10
library_size             1000
performance_metric_name  hit_ratio
request_frq              1000
zipf_eta                 1.5
seed                     3560347
-----------------------  ---------------------------------------------------------------------------------------------------------------------------------------------------------------
>>> Simulating MIN...
MIN #1 	80.620194 %	 hit: 80621  miss: 19380
MIN #2 	80.627194 %	 hit: 80628  miss: 19373
MIN #3 	80.583194 %	 hit: 80584  miss: 19417
MIN #4 	80.649194 %	 hit: 80650  miss: 19351
MIN #5 	80.714193 %	 hit: 80715  miss: 19286
MIN #6 	80.651193 %	 hit: 80652  miss: 19349
MIN #7 	80.766192 %	 hit: 80767  miss: 19234
MIN #8 	80.876191 %	 hit: 80877  miss: 19124
MIN #9 	80.651193 %	 hit: 80652  miss: 19349
MIN #10 	80.886191 %	 hit: 80887  miss: 19114
>>> Average hit_ratio: 0.8070249297507026	(over 10 simulations)

>>> Simulating FIFO...
FIFO #1 	60.949391 %	 hit: 60950  miss: 39051
FIFO #2 	60.878391 %	 hit: 60879  miss: 39122
FIFO #3 	60.944391 %	 hit: 60945  miss: 39056
FIFO #4 	60.958390 %	 hit: 60959  miss: 39042
FIFO #5 	61.065389 %	 hit: 61066  miss: 38935
FIFO #6 	61.032390 %	 hit: 61033  miss: 38968
FIFO #7 	60.998390 %	 hit: 60999  miss: 39002
FIFO #8 	61.336387 %	 hit: 61337  miss: 38664
FIFO #9 	60.869391 %	 hit: 60870  miss: 39131
FIFO #10 	61.294387 %	 hit: 61295  miss: 38706
>>> Average hit_ratio: 0.6103268967310326	(over 10 simulations)

>>> Simulating FILO...
FILO #1 	19.999800 %	 hit: 20000  miss: 80001
FILO #2 	18.397816 %	 hit: 18398  miss: 81603
FILO #3 	18.598814 %	 hit: 18599  miss: 81402
FILO #4 	18.743813 %	 hit: 18744  miss: 81257
FILO #5 	18.523815 %	 hit: 18524  miss: 81477
FILO #6 	18.585814 %	 hit: 18586  miss: 81415
FILO #7 	18.674813 %	 hit: 18675  miss: 81326
FILO #8 	18.615814 %	 hit: 18616  miss: 81385
FILO #9 	18.647814 %	 hit: 18648  miss: 81353
FILO #10 	18.738813 %	 hit: 18739  miss: 81262
>>> Average hit_ratio: 0.18752712472875271	(over 10 simulations)

>>> Simulating LFU...
LFU #1 	76.936231 %	 hit: 76937  miss: 23064
LFU #2 	76.637234 %	 hit: 76638  miss: 23363
LFU #3 	76.538235 %	 hit: 76539  miss: 23462
LFU #4 	75.147249 %	 hit: 75148  miss: 24853
LFU #5 	75.772242 %	 hit: 75773  miss: 24228
LFU #6 	75.700243 %	 hit: 75701  miss: 24300
LFU #7 	76.707233 %	 hit: 76708  miss: 23293
LFU #8 	75.251247 %	 hit: 75252  miss: 24749
LFU #9 	75.868241 %	 hit: 75869  miss: 24132
LFU #10 	74.887251 %	 hit: 74888  miss: 25113
>>> Average hit_ratio: 0.7594454055459445	(over 10 simulations)

>>> Simulating LFU_IDEAL...
LFU_IDEAL #1 	77.292227 %	 hit: 77293  miss: 22708
LFU_IDEAL #2 	77.365226 %	 hit: 77366  miss: 22635
LFU_IDEAL #3 	77.188228 %	 hit: 77189  miss: 22812
LFU_IDEAL #4 	77.376226 %	 hit: 77377  miss: 22624
LFU_IDEAL #5 	77.504225 %	 hit: 77505  miss: 22496
LFU_IDEAL #6 	77.318227 %	 hit: 77319  miss: 22682
LFU_IDEAL #7 	77.530225 %	 hit: 77531  miss: 22470
LFU_IDEAL #8 	77.623224 %	 hit: 77624  miss: 22377
LFU_IDEAL #9 	77.279227 %	 hit: 77280  miss: 22721
LFU_IDEAL #10 	77.643224 %	 hit: 77644  miss: 22357
>>> Average hit_ratio: 0.774120258797412	(over 10 simulations)

>>> Simulating LRU...
LRU #1 	67.796322 %	 hit: 67797  miss: 32204
LRU #2 	67.700323 %	 hit: 67701  miss: 32300
LRU #3 	67.765322 %	 hit: 67766  miss: 32235
LRU #4 	67.738323 %	 hit: 67739  miss: 32262
LRU #5 	67.966320 %	 hit: 67967  miss: 32034
LRU #6 	67.903321 %	 hit: 67904  miss: 32097
LRU #7 	67.969320 %	 hit: 67970  miss: 32031
LRU #8 	68.099319 %	 hit: 68100  miss: 31901
LRU #9 	67.720323 %	 hit: 67721  miss: 32280
LRU #10 	68.126319 %	 hit: 68127  miss: 31874
>>> Average hit_ratio: 0.6787852121478786	(over 10 simulations)

>>> Simulating MAD...
MAD #1 	77.292227 %	 hit: 77293  miss: 22708
MAD #2 	77.363226 %	 hit: 77364  miss: 22637
MAD #3 	77.183228 %	 hit: 77184  miss: 22817
MAD #4 	77.380226 %	 hit: 77381  miss: 22620
MAD #5 	77.485225 %	 hit: 77486  miss: 22515
MAD #6 	77.327227 %	 hit: 77328  miss: 22673
MAD #7 	77.518225 %	 hit: 77519  miss: 22482
MAD #8 	77.617224 %	 hit: 77618  miss: 22383
MAD #9 	77.281227 %	 hit: 77282  miss: 22719
MAD #10 	77.653223 %	 hit: 77654  miss: 22347
>>> Average hit_ratio: 0.7741012589874101	(over 10 simulations)

>>> Simulating MAD_LFU...
MAD_LFU #1 	77.279227 %	 hit: 77280  miss: 22721
MAD_LFU #2 	77.352226 %	 hit: 77353  miss: 22648
MAD_LFU #3 	77.185228 %	 hit: 77186  miss: 22815
MAD_LFU #4 	77.377226 %	 hit: 77378  miss: 22623
MAD_LFU #5 	77.505225 %	 hit: 77506  miss: 22495
MAD_LFU #6 	77.326227 %	 hit: 77327  miss: 22674
MAD_LFU #7 	77.531225 %	 hit: 77532  miss: 22469
MAD_LFU #8 	77.623224 %	 hit: 77624  miss: 22377
MAD_LFU #9 	77.286227 %	 hit: 77287  miss: 22714
MAD_LFU #10 	77.650223 %	 hit: 77651  miss: 22350
>>> Average hit_ratio: 0.7741162588374115	(over 10 simulations)

>>> Simulating MAD_LFU2...
MAD_LFU2 #1 	99.957000 %	 hit: 99958  miss: 43
MAD_LFU2 #2 	99.931001 %	 hit: 99932  miss: 69
MAD_LFU2 #3 	99.906001 %	 hit: 99907  miss: 94
MAD_LFU2 #4 	99.950000 %	 hit: 99951  miss: 50
MAD_LFU2 #5 	99.898001 %	 hit: 99899  miss: 102
MAD_LFU2 #6 	99.940001 %	 hit: 99941  miss: 60
MAD_LFU2 #7 	99.951000 %	 hit: 99952  miss: 49
MAD_LFU2 #8 	99.931001 %	 hit: 99932  miss: 69
MAD_LFU2 #9 	99.952000 %	 hit: 99953  miss: 48
MAD_LFU2 #10 	99.949001 %	 hit: 99950  miss: 51
>>> Average hit_ratio: 0.9993650063499364	(over 10 simulations)

>>> Simulating MAD_MIN...
MAD_MIN #1 	74.878251 %	 hit: 74879  miss: 25122
MAD_MIN #2 	76.243238 %	 hit: 76244  miss: 23757
MAD_MIN #3 	73.241268 %	 hit: 73242  miss: 26759
MAD_MIN #4 	73.001270 %	 hit: 73002  miss: 26999
MAD_MIN #5 	73.938261 %	 hit: 73939  miss: 26062
MAD_MIN #6 	75.513245 %	 hit: 75514  miss: 24487
MAD_MIN #7 	76.347237 %	 hit: 76348  miss: 23653
MAD_MIN #8 	76.206238 %	 hit: 76207  miss: 23794
MAD_MIN #9 	75.011250 %	 hit: 75012  miss: 24989
MAD_MIN #10 	76.378236 %	 hit: 76379  miss: 23622
>>> Average hit_ratio: 0.7507584924150758	(over 10 simulations)

>>> Simulating MAD_P...
MAD_P #1 	98.294017 %	 hit: 98295  miss: 1706
MAD_P #2 	98.421016 %	 hit: 98422  miss: 1579
MAD_P #3 	98.060019 %	 hit: 98061  miss: 1940
MAD_P #4 	98.771012 %	 hit: 98772  miss: 1229
MAD_P #5 	98.443016 %	 hit: 98444  miss: 1557
MAD_P #6 	98.476015 %	 hit: 98477  miss: 1524
MAD_P #7 	98.721013 %	 hit: 98722  miss: 1279
MAD_P #8 	98.597014 %	 hit: 98598  miss: 1403
MAD_P #9 	98.407016 %	 hit: 98408  miss: 1593
MAD_P #10 	98.765012 %	 hit: 98766  miss: 1235
>>> Average hit_ratio: 0.9849551504484955	(over 10 simulations)

>>> Simulating MINAD...
MINAD #1 	96.583034 %	 hit: 96584  miss: 3417
MINAD #2 	96.792032 %	 hit: 96793  miss: 3208
MINAD #3 	96.630034 %	 hit: 96631  miss: 3370
MINAD #4 	96.700033 %	 hit: 96701  miss: 3300
MINAD #5 	96.783032 %	 hit: 96784  miss: 3217
MINAD #6 	96.714033 %	 hit: 96715  miss: 3286
MINAD #7 	96.708033 %	 hit: 96709  miss: 3292
MINAD #8 	96.721033 %	 hit: 96722  miss: 3279
MINAD #9 	96.670033 %	 hit: 96671  miss: 3330
MINAD #10 	96.654033 %	 hit: 96655  miss: 3346
>>> Average hit_ratio: 0.9669553304466957	(over 10 simulations)

>>> Simulating MINAD_L...
MINAD_L #1 	99.393006 %	 hit: 99394  miss: 607
MINAD_L #2 	99.499005 %	 hit: 99500  miss: 501
MINAD_L #3 	99.361006 %	 hit: 99362  miss: 639
MINAD_L #4 	99.391006 %	 hit: 99392  miss: 609
MINAD_L #5 	99.503005 %	 hit: 99504  miss: 497
MINAD_L #6 	99.412006 %	 hit: 99413  miss: 588
MINAD_L #7 	99.423006 %	 hit: 99424  miss: 577
MINAD_L #8 	99.411006 %	 hit: 99412  miss: 589
MINAD_L #9 	99.464005 %	 hit: 99465  miss: 536
MINAD_L #10 	99.445006 %	 hit: 99446  miss: 555
>>> Average hit_ratio: 0.9943020569794303	(over 10 simulations)

>>> Simulating MINAD_P...
MINAD_P #1 	92.792072 %	 hit: 92793  miss: 7208
MINAD_P #2 	93.128069 %	 hit: 93129  miss: 6872
MINAD_P #3 	92.872071 %	 hit: 92873  miss: 7128
MINAD_P #4 	92.874071 %	 hit: 92875  miss: 7126
MINAD_P #5 	93.275067 %	 hit: 93276  miss: 6725
MINAD_P #6 	93.087069 %	 hit: 93088  miss: 6913
MINAD_P #7 	93.174068 %	 hit: 93175  miss: 6826
MINAD_P #8 	93.176068 %	 hit: 93177  miss: 6824
MINAD_P #9 	92.950070 %	 hit: 92951  miss: 7050
MINAD_P #10 	92.912071 %	 hit: 92913  miss: 7088
>>> Average hit_ratio: 0.9302406975930241	(over 10 simulations)

>>> Simulating MINAD_W...
MINAD_W #1 	99.420006 %	 hit: 99421  miss: 580
MINAD_W #2 	99.545005 %	 hit: 99546  miss: 455
MINAD_W #3 	99.400006 %	 hit: 99401  miss: 600
MINAD_W #4 	99.436006 %	 hit: 99437  miss: 564
MINAD_W #5 	99.555004 %	 hit: 99556  miss: 445
MINAD_W #6 	99.457005 %	 hit: 99458  miss: 543
MINAD_W #7 	99.458005 %	 hit: 99459  miss: 542
MINAD_W #8 	99.454005 %	 hit: 99455  miss: 546
MINAD_W #9 	99.496005 %	 hit: 99497  miss: 504
MINAD_W #10 	99.470005 %	 hit: 99471  miss: 530
>>> Average hit_ratio: 0.994691053089469	(over 10 simulations)

>>> Simulating RR...
RR #1 	60.937391 %	 hit: 60938  miss: 39063
RR #2 	60.859391 %	 hit: 60860  miss: 39141
RR #3 	60.763392 %	 hit: 60764  miss: 39237
RR #4 	60.997390 %	 hit: 60998  miss: 39003
RR #5 	61.011390 %	 hit: 61012  miss: 38989
RR #6 	60.867391 %	 hit: 60868  miss: 39133
RR #7 	61.038390 %	 hit: 61039  miss: 38962
RR #8 	61.247388 %	 hit: 61248  miss: 38753
RR #9 	60.902391 %	 hit: 60903  miss: 39098
RR #10 	61.242388 %	 hit: 61243  miss: 38758
>>> Average hit_ratio: 0.6098669013309868	(over 10 simulations)

--------------------------------------------------

>>> RESULTS - (over 10 simulations)
| Algorithms   |   hit_ratio (10) |
|--------------|------------------|
| MAD_LFU2     |         0.999365 |
| MINAD_W      |         0.994691 |
| MINAD_L      |         0.994302 |
| MAD_P        |         0.984955 |
| MINAD        |         0.966955 |
| MINAD_P      |         0.930241 |
| MIN          |         0.807025 |
| LFU_IDEAL    |         0.77412  |
| MAD_LFU      |         0.774116 |
| MAD          |         0.774101 |
| LFU          |         0.759445 |
| MAD_MIN      |         0.750758 |
| LRU          |         0.678785 |
| FIFO         |         0.610327 |
| RR           |         0.609867 |
| FILO         |         0.187527 |


-------------------------------------------------- RAW DATA (CSV)
ALGORITHM,METRIC,RESULT,REQUEST_FRQ,ZIPF_ETA,N_ITER,N_REQUESTS,CACHE_SIZE,LIBRARY_SIZE,SEED
MIN,latency_loss,286.8457855421446,1000,1.5,10,100000,10,1000,3560347 
FIFO,latency_loss,1463.5640503594964,1000,1.5,10,100000,10,1000,3560347 
FILO,latency_loss,1478.411679883201,1000,1.5,10,100000,10,1000,3560347 
LFU,latency_loss,191.75328146718533,1000,1.5,10,100000,10,1000,3560347 
LFU_IDEAL,latency_loss,181.26085039149606,1000,1.5,10,100000,10,1000,3560347 
LRU,latency_loss,874.5108548914513,1000,1.5,10,100000,10,1000,3560347 
MAD,latency_loss,181.62329176708232,1000,1.5,10,100000,10,1000,3560347 
MAD_LFU,latency_loss,181.43631563684363,1000,1.5,10,100000,10,1000,3560347 
MAD_LFU2,latency_loss,14.703270967290328,1000,1.5,10,100000,10,1000,3560347 
MAD_MIN,latency_loss,198.22011479885202,1000,1.5,10,100000,10,1000,3560347 
MAD_P,latency_loss,46.87587824121759,1000,1.5,10,100000,10,1000,3560347 
MINAD,latency_loss,102.14968250317496,1000,1.5,10,100000,10,1000,3560347 
MINAD_L,latency_loss,35.46089539104609,1000,1.5,10,100000,10,1000,3560347 
MINAD_P,latency_loss,132.7729002709973,1000,1.5,10,100000,10,1000,3560347 
MINAD_W,latency_loss,34.87603923960761,1000,1.5,10,100000,10,1000,3560347 
RR,latency_loss,1449.4438915610842,1000,1.5,10,100000,10,1000,3560347 
MIN,simple_loss,192.97507024929752,1000,1.5,10,100000,10,1000,3560347 
FIFO,simple_loss,389.67310326896734,1000,1.5,10,100000,10,1000,3560347 
FILO,simple_loss,812.4728752712473,1000,1.5,10,100000,10,1000,3560347 
LFU,simple_loss,240.5545944540555,1000,1.5,10,100000,10,1000,3560347 
LFU_IDEAL,simple_loss,225.87974120258795,1000,1.5,10,100000,10,1000,3560347 
LRU,simple_loss,321.21478785212145,1000,1.5,10,100000,10,1000,3560347 
MAD,simple_loss,225.89874101258982,1000,1.5,10,100000,10,1000,3560347 
MAD_LFU,simple_loss,225.88374116258836,1000,1.5,10,100000,10,1000,3560347 
MAD_LFU2,simple_loss,0.6349936500634994,1000,1.5,10,100000,10,1000,3560347 
MAD_MIN,simple_loss,249.24150758492414,1000,1.5,10,100000,10,1000,3560347 
MAD_P,simple_loss,15.044849551504484,1000,1.5,10,100000,10,1000,3560347 
MINAD,simple_loss,33.04466955330447,1000,1.5,10,100000,10,1000,3560347 
MINAD_L,simple_loss,5.697943020569793,1000,1.5,10,100000,10,1000,3560347 
MINAD_P,simple_loss,69.75930240697593,1000,1.5,10,100000,10,1000,3560347 
MINAD_W,simple_loss,5.308946910530896,1000,1.5,10,100000,10,1000,3560347 
RR,simple_loss,390.1330986690133,1000,1.5,10,100000,10,1000,3560347 
MIN,hit_ratio,0.8070249297507026,1000,1.5,10,100000,10,1000,3560347 
FIFO,hit_ratio,0.6103268967310326,1000,1.5,10,100000,10,1000,3560347 
FILO,hit_ratio,0.18752712472875271,1000,1.5,10,100000,10,1000,3560347 
LFU,hit_ratio,0.7594454055459445,1000,1.5,10,100000,10,1000,3560347 
LFU_IDEAL,hit_ratio,0.774120258797412,1000,1.5,10,100000,10,1000,3560347 
LRU,hit_ratio,0.6787852121478786,1000,1.5,10,100000,10,1000,3560347 
MAD,hit_ratio,0.7741012589874101,1000,1.5,10,100000,10,1000,3560347 
MAD_LFU,hit_ratio,0.7741162588374115,1000,1.5,10,100000,10,1000,3560347 
MAD_LFU2,hit_ratio,0.9993650063499364,1000,1.5,10,100000,10,1000,3560347 
MAD_MIN,hit_ratio,0.7507584924150758,1000,1.5,10,100000,10,1000,3560347 
MAD_P,hit_ratio,0.9849551504484955,1000,1.5,10,100000,10,1000,3560347 
MINAD,hit_ratio,0.9669553304466957,1000,1.5,10,100000,10,1000,3560347 
MINAD_L,hit_ratio,0.9943020569794303,1000,1.5,10,100000,10,1000,3560347 
MINAD_P,hit_ratio,0.9302406975930241,1000,1.5,10,100000,10,1000,3560347 
MINAD_W,hit_ratio,0.994691053089469,1000,1.5,10,100000,10,1000,3560347 
RR,hit_ratio,0.6098669013309868,1000,1.5,10,100000,10,1000,3560347 

--------------------------------------------------


+--------------+----------------+---------------+-------------+
| Algorithms   |   latency_loss |   simple_loss |   hit_ratio |
+==============+================+===============+=============+
| MAD_LFU2     |        14.7033 |      0.634994 |    0.999365 |
+--------------+----------------+---------------+-------------+
| MINAD_W      |        34.876  |      5.30895  |    0.994691 |
+--------------+----------------+---------------+-------------+
| MINAD_L      |        35.4609 |      5.69794  |    0.994302 |
+--------------+----------------+---------------+-------------+
| MAD_P        |        46.8759 |     15.0448   |    0.984955 |
+--------------+----------------+---------------+-------------+
| MINAD        |       102.15   |     33.0447   |    0.966955 |
+--------------+----------------+---------------+-------------+
| MINAD_P      |       132.773  |     69.7593   |    0.930241 |
+--------------+----------------+---------------+-------------+
| LFU_IDEAL    |       181.261  |    225.88     |    0.77412  |
+--------------+----------------+---------------+-------------+
| MAD_LFU      |       181.436  |    225.884    |    0.774116 |
+--------------+----------------+---------------+-------------+
| MAD          |       181.623  |    225.899    |    0.774101 |
+--------------+----------------+---------------+-------------+
| LFU          |       191.753  |    240.555    |    0.759445 |
+--------------+----------------+---------------+-------------+
| MAD_MIN      |       198.22   |    249.242    |    0.750758 |
+--------------+----------------+---------------+-------------+
| MIN          |       286.846  |    192.975    |    0.807025 |
+--------------+----------------+---------------+-------------+
| LRU          |       874.511  |    321.215    |    0.678785 |
+--------------+----------------+---------------+-------------+
| RR           |      1449.44   |    390.133    |    0.609867 |
+--------------+----------------+---------------+-------------+
| FIFO         |      1463.56   |    389.673    |    0.610327 |
+--------------+----------------+---------------+-------------+
| FILO         |      1478.41   |    812.473    |    0.187527 |
+--------------+----------------+---------------+-------------+
