>>> HYPERPARAMETERS 
Testing algorithms 'FIFO', 'FILO', 10 simulations of 1000 requests distributed with eta=1.5, Cache size is 100 with 1000 files in main memory
>>> Simulating FIFO...
FIFO #1 	86.850153 %	 hit: 852  miss: 129
FIFO #2 	87.190083 %	 hit: 844  miss: 124
FIFO #3 	87.257900 %	 hit: 856  miss: 125
FIFO #4 	86.168033 %	 hit: 841  miss: 135
FIFO #5 	86.395939 %	 hit: 851  miss: 134
FIFO #6 	86.831276 %	 hit: 844  miss: 128
FIFO #7 	86.831276 %	 hit: 844  miss: 128
FIFO #8 	85.393258 %	 hit: 836  miss: 143
FIFO #9 	89.435897 %	 hit: 872  miss: 103
FIFO #10 	85.656155 %	 hit: 842  miss: 141
>>> Average hit-ratio: 0.868009969456824	(over 10 simulations)

>>> Simulating FILO...
FILO #1 	22.073922 %	 hit: 215  miss: 759
FILO #2 	18.813906 %	 hit: 184  miss: 794
FILO #3 	18.647541 %	 hit: 182  miss: 794
FILO #4 	17.058223 %	 hit: 167  miss: 812
FILO #5 	17.967146 %	 hit: 175  miss: 799
FILO #6 	17.951318 %	 hit: 177  miss: 809
FILO #7 	19.959058 %	 hit: 195  miss: 782
FILO #8 	18.711656 %	 hit: 183  miss: 795
FILO #9 	18.069815 %	 hit: 176  miss: 798
FILO #10 	21.544715 %	 hit: 212  miss: 772
>>> Average hit-ratio: 0.19079730123630895	(over 10 simulations)

-------------------------------------------------- RAW DATA (CSV) 
ALGORITHM,METRIC,RESULT,Z,ETA,N_ITER,N_REQUESTS,CACHE_SIZE,MEMORY_SIZE,SEED
FIFO,hit-ratio,0.868009969456824,1000,1.5,10,1000,100,1000,None 
FILO,hit-ratio,0.19079730123630895,1000,1.5,10,1000,100,1000,None 
--------------------------------------------------

>>> RESULTS - (over 10 simulations)
| Algorithms   |   hit-ratio (10) |
|--------------|------------------|
| FILO         |         0.190797 |
| FIFO         |         0.86801  |


ALGORITHM,METRIC,RESULT,Z,ETA,N_ITER,N_REQUESTS,CACHE_SIZE,MEMORY_SIZE,SEED
FIFO,hit-ratio,0.868009969456824,1000,1.5,10,1000,100,1000,None 
FILO,hit-ratio,0.19079730123630895,1000,1.5,10,1000,100,1000,None 
>>> Simulating FIFO...
FIFO #1 	85.845214 %	 hit: 843  miss: 139
FIFO #2 	85.845214 %	 hit: 843  miss: 139
FIFO #3 	87.169043 %	 hit: 856  miss: 126
FIFO #4 	85.641548 %	 hit: 841  miss: 141
FIFO #5 	87.461774 %	 hit: 858  miss: 123
FIFO #6 	89.300412 %	 hit: 868  miss: 104
FIFO #7 	86.508754 %	 hit: 840  miss: 131
FIFO #8 	88.180884 %	 hit: 858  miss: 115
FIFO #9 	87.076923 %	 hit: 849  miss: 126
FIFO #10 	85.177665 %	 hit: 839  miss: 146
>>> Average hit-ratio: 0.8682074293307558	(over 10 simulations)

>>> Simulating FILO...
FILO #1 	19.278351 %	 hit: 187  miss: 783
FILO #2 	19.692308 %	 hit: 192  miss: 783
FILO #3 	16.122449 %	 hit: 158  miss: 822
FILO #4 	18.059856 %	 hit: 175  miss: 794
FILO #5 	21.951220 %	 hit: 216  miss: 768
FILO #6 	21.384298 %	 hit: 207  miss: 761
FILO #7 	17.418033 %	 hit: 170  miss: 806
FILO #8 	19.527235 %	 hit: 190  miss: 783
FILO #9 	18.564103 %	 hit: 181  miss: 794
FILO #10 	18.930041 %	 hit: 184  miss: 788
>>> Average hit-ratio: 0.19092789159920023	(over 10 simulations)

-------------------------------------------------- RAW DATA (CSV) 
ALGORITHM,METRIC,RESULT,Z,ETA,N_ITER,N_REQUESTS,CACHE_SIZE,MEMORY_SIZE,SEED
FIFO,hit-ratio,0.8682074293307558,1000,1.5,10,1000,100,1000,None 
FILO,hit-ratio,0.19092789159920023,1000,1.5,10,1000,100,1000,None 
--------------------------------------------------

>>> RESULTS - (over 10 simulations)
| Algorithms   |   hit-ratio (10) |
|--------------|------------------|
| FILO         |         0.190928 |
| FIFO         |         0.868207 |


ALGORITHM,METRIC,RESULT,Z,ETA,N_ITER,N_REQUESTS,CACHE_SIZE,MEMORY_SIZE,SEED
FIFO,hit-ratio,0.8682074293307558,1000,1.5,10,1000,100,1000,None 
FILO,hit-ratio,0.19092789159920023,1000,1.5,10,1000,100,1000,None 
>>> Simulating FIFO...
FIFO #1 	88.492872 %	 hit: 869  miss: 113
FIFO #2 	86.284545 %	 hit: 843  miss: 134
FIFO #3 	83.554648 %	 hit: 818  miss: 161
FIFO #4 	86.503067 %	 hit: 846  miss: 132
FIFO #5 	85.903984 %	 hit: 841  miss: 138
FIFO #6 	86.815416 %	 hit: 856  miss: 130
FIFO #7 	87.667009 %	 hit: 853  miss: 120
FIFO #8 	85.919836 %	 hit: 836  miss: 137
FIFO #9 	86.242300 %	 hit: 840  miss: 134
FIFO #10 	87.040816 %	 hit: 853  miss: 127
>>> Average hit-ratio: 0.8644244917080869	(over 10 simulations)

>>> Simulating FILO...
FILO #1 	16.717949 %	 hit: 163  miss: 812
FILO #2 	17.404737 %	 hit: 169  miss: 802
FILO #3 	18.705036 %	 hit: 182  miss: 791
FILO #4 	20.875764 %	 hit: 205  miss: 777
FILO #5 	20.982600 %	 hit: 205  miss: 772
FILO #6 	18.609407 %	 hit: 182  miss: 796
FILO #7 	17.581301 %	 hit: 173  miss: 811
FILO #8 	20.307692 %	 hit: 198  miss: 777
FILO #9 	19.731405 %	 hit: 191  miss: 777
FILO #10 	18.321392 %	 hit: 179  miss: 798
>>> Average hit-ratio: 0.18923728266477774	(over 10 simulations)

-------------------------------------------------- RAW DATA (CSV) 
ALGORITHM,METRIC,RESULT,Z,ETA,N_ITER,N_REQUESTS,CACHE_SIZE,MEMORY_SIZE,SEED
FIFO,hit-ratio,0.8644244917080869,1000,1.5,10,1000,100,1000,None 
FILO,hit-ratio,0.18923728266477774,1000,1.5,10,1000,100,1000,None 
--------------------------------------------------

>>> RESULTS - (over 10 simulations)
| Algorithms   |   hit-ratio (10) |
|--------------|------------------|
| FILO         |         0.189237 |
| FIFO         |         0.864424 |


ALGORITHM,METRIC,RESULT,Z,ETA,N_ITER,N_REQUESTS,CACHE_SIZE,MEMORY_SIZE,SEED
FIFO,hit-ratio,0.8644244917080869,1000,1.5,10,1000,100,1000,None 
FILO,hit-ratio,0.18923728266477774,1000,1.5,10,1000,100,1000,None 
(saved at logfile.log)
>>> Simulating FIFO...
FIFO #1 	85.875128 %	 hit: 839  miss: 138
FIFO #2 	85.641026 %	 hit: 835  miss: 140
FIFO #3 	86.483740 %	 hit: 851  miss: 133
FIFO #4 	86.372951 %	 hit: 843  miss: 133
FIFO #5 	87.512900 %	 hit: 848  miss: 121
FIFO #6 	86.210419 %	 hit: 844  miss: 135
FIFO #7 	85.437882 %	 hit: 839  miss: 143
FIFO #8 	89.048106 %	 hit: 870  miss: 107
FIFO #9 	89.103870 %	 hit: 875  miss: 107
FIFO #10 	86.536485 %	 hit: 842  miss: 131
>>> Average hit-ratio: 0.8682225060057093	(over 10 simulations)

>>> Simulating FILO...
FILO #1 	16.887080 %	 hit: 166  miss: 817
FILO #2 	19.774590 %	 hit: 193  miss: 783
FILO #3 	17.058223 %	 hit: 167  miss: 812
FILO #4 	18.115942 %	 hit: 175  miss: 791
FILO #5 	17.737003 %	 hit: 174  miss: 807
FILO #6 	20.696721 %	 hit: 202  miss: 774
FILO #7 	20.470829 %	 hit: 200  miss: 777
FILO #8 	19.344933 %	 hit: 189  miss: 788
FILO #9 	19.159836 %	 hit: 187  miss: 789
FILO #10 	19.547325 %	 hit: 190  miss: 782
>>> Average hit-ratio: 0.18879248331176263	(over 10 simulations)

-------------------------------------------------- RAW DATA (CSV) 
ALGORITHM,METRIC,RESULT,Z,ETA,N_ITER,N_REQUESTS,CACHE_SIZE,MEMORY_SIZE,SEED
FIFO,hit-ratio,0.8682225060057093,1000,1.5,10,1000,100,1000,None 
FILO,hit-ratio,0.18879248331176263,1000,1.5,10,1000,100,1000,None 
--------------------------------------------------

>>> RESULTS - (over 10 simulations)
| Algorithms   |   hit-ratio (10) |
|--------------|------------------|
| FILO         |         0.188792 |
| FIFO         |         0.868223 |


ALGORITHM,METRIC,RESULT,Z,ETA,N_ITER,N_REQUESTS,CACHE_SIZE,MEMORY_SIZE,SEED
FIFO,hit-ratio,0.8682225060057093,1000,1.5,10,1000,100,1000,None 
FILO,hit-ratio,0.18879248331176263,1000,1.5,10,1000,100,1000,None 

(saved at logfile.log)
>>> Simulating FIFO...
FIFO #1 	87.897436 %	 hit: 857  miss: 118
FIFO #2 	86.898669 %	 hit: 849  miss: 128
FIFO #3 	86.823289 %	 hit: 850  miss: 129
FIFO #4 	87.665647 %	 hit: 860  miss: 121
FIFO #5 	87.934560 %	 hit: 860  miss: 118
FIFO #6 	86.091371 %	 hit: 848  miss: 137
FIFO #7 	89.038263 %	 hit: 861  miss: 106
FIFO #8 	86.550308 %	 hit: 843  miss: 131
FIFO #9 	86.912065 %	 hit: 850  miss: 128
FIFO #10 	85.128205 %	 hit: 830  miss: 145
>>> Average hit-ratio: 0.8709398137924124	(over 10 simulations)

>>> Simulating FILO...
FILO #1 	19.692308 %	 hit: 192  miss: 783
FILO #2 	16.666667 %	 hit: 162  miss: 810
FILO #3 	17.835052 %	 hit: 173  miss: 797
FILO #4 	15.950920 %	 hit: 156  miss: 822
FILO #5 	19.751810 %	 hit: 191  miss: 776
FILO #6 	18.469388 %	 hit: 181  miss: 799
FILO #7 	21.421215 %	 hit: 208  miss: 763
FILO #8 	21.494371 %	 hit: 210  miss: 767
FILO #9 	16.271885 %	 hit: 158  miss: 813
FILO #10 	17.755102 %	 hit: 174  miss: 806
>>> Average hit-ratio: 0.18530871608648872	(over 10 simulations)

-------------------------------------------------- RAW DATA (CSV) 
ALGORITHM,METRIC,RESULT,Z,ETA,N_ITER,N_REQUESTS,CACHE_SIZE,MEMORY_SIZE,SEED
FIFO,hit-ratio,0.8709398137924124,1000,1.5,10,1000,100,1000,None 
FILO,hit-ratio,0.18530871608648872,1000,1.5,10,1000,100,1000,None 
--------------------------------------------------

>>> RESULTS - (over 10 simulations)
| Algorithms   |   hit-ratio (10) |
|--------------|------------------|
| FILO         |         0.185309 |
| FIFO         |         0.87094  |


(saved at logfile.log)
test.cs
>>> Simulating FIFO...
FIFO #1 	86.965377 %	 hit: 854  miss: 128
FIFO #2 	86.326531 %	 hit: 846  miss: 134
FIFO #3 	87.359837 %	 hit: 857  miss: 124
FIFO #4 	87.807377 %	 hit: 857  miss: 119
FIFO #5 	86.591607 %	 hit: 846  miss: 131
FIFO #6 	86.591607 %	 hit: 846  miss: 131
FIFO #7 	88.139059 %	 hit: 862  miss: 116
FIFO #8 	86.128364 %	 hit: 832  miss: 134
FIFO #9 	86.618999 %	 hit: 848  miss: 131
FIFO #10 	86.550308 %	 hit: 843  miss: 131
>>> Average hit-ratio: 0.8690790659454881	(over 10 simulations)

>>> Simulating FILO...
FILO #1 	21.421215 %	 hit: 208  miss: 763
FILO #2 	17.948718 %	 hit: 175  miss: 800
FILO #3 	19.571865 %	 hit: 192  miss: 789
FILO #4 	17.551020 %	 hit: 172  miss: 808
FILO #5 	22.177009 %	 hit: 218  miss: 765
FILO #6 	19.735504 %	 hit: 194  miss: 789
FILO #7 	18.228106 %	 hit: 179  miss: 803
FILO #8 	20.799180 %	 hit: 203  miss: 773
FILO #9 	19.430315 %	 hit: 191  miss: 792
FILO #10 	17.329256 %	 hit: 170  miss: 811
>>> Average hit-ratio: 0.19419218921518763	(over 10 simulations)

-------------------------------------------------- RAW DATA (CSV) 
ALGORITHM,METRIC,RESULT,Z,ETA,N_ITER,N_REQUESTS,CACHE_SIZE,MEMORY_SIZE,SEED
FIFO,hit-ratio,0.8690790659454881,1000,1.5,10,1000,100,1000,None 
FILO,hit-ratio,0.19419218921518763,1000,1.5,10,1000,100,1000,None 
--------------------------------------------------

>>> RESULTS - (over 10 simulations)
| Algorithms   |   hit-ratio (10) |
|--------------|------------------|
| FILO         |         0.194192 |
| FIFO         |         0.869079 |


(saved at logfile.log)
>>> Simulating FIFO...
FIFO #1 	86.228160 %	 hit: 839  miss: 134
FIFO #2 	86.196319 %	 hit: 843  miss: 135
FIFO #3 	84.892086 %	 hit: 826  miss: 147
FIFO #4 	86.386899 %	 hit: 844  miss: 133
FIFO #5 	87.461774 %	 hit: 858  miss: 123
FIFO #6 	85.076142 %	 hit: 838  miss: 147
FIFO #7 	85.787321 %	 hit: 839  miss: 139
FIFO #8 	88.866190 %	 hit: 870  miss: 109
FIFO #9 	89.070480 %	 hit: 872  miss: 107
FIFO #10 	86.974359 %	 hit: 848  miss: 127
>>> Average hit-ratio: 0.8669397302891568	(over 10 simulations)

>>> Simulating FILO...
FILO #1 	17.985612 %	 hit: 175  miss: 798
FILO #2 	17.893661 %	 hit: 175  miss: 803
FILO #3 	18.910586 %	 hit: 184  miss: 789
FILO #4 	17.911975 %	 hit: 175  miss: 802
FILO #5 	18.552497 %	 hit: 182  miss: 799
FILO #6 	17.461929 %	 hit: 172  miss: 813
FILO #7 	17.382413 %	 hit: 170  miss: 808
FILO #8 	19.407559 %	 hit: 190  miss: 789
FILO #9 	19.713994 %	 hit: 193  miss: 786
FILO #10 	16.000000 %	 hit: 156  miss: 819
>>> Average hit-ratio: 0.18122022537277785	(over 10 simulations)

-------------------------------------------------- RAW DATA (CSV) 
ALGORITHM,METRIC,RESULT,Z,ETA,N_ITER,N_REQUESTS,CACHE_SIZE,MEMORY_SIZE,SEED
FIFO,hit-ratio,0.8669397302891568,1000,1.5,10,1000,100,1000,141595 
FILO,hit-ratio,0.18122022537277785,1000,1.5,10,1000,100,1000,141595 
--------------------------------------------------

>>> RESULTS - (over 10 simulations)
| Algorithms   |   hit-ratio (10) |
|--------------|------------------|
| FILO         |          0.18122 |
| FIFO         |          0.86694 |


(saved at logfile.log)
>>> Simulating FIFO...
FIFO #1 	86.836735 %	 hit: 851  miss: 129
FIFO #2 	86.991870 %	 hit: 856  miss: 128
FIFO #3 	88.000000 %	 hit: 858  miss: 117
FIFO #4 	84.567901 %	 hit: 822  miss: 150
FIFO #5 	87.667009 %	 hit: 853  miss: 120
FIFO #6 	88.831967 %	 hit: 867  miss: 109
FIFO #7 	86.734694 %	 hit: 850  miss: 130
FIFO #8 	85.714286 %	 hit: 840  miss: 140
FIFO #9 	88.504578 %	 hit: 870  miss: 113
FIFO #10 	88.199390 %	 hit: 867  miss: 116
>>> Average hit-ratio: 0.8720484293484313	(over 10 simulations)

>>> Simulating FILO...
FILO #1 	18.163265 %	 hit: 178  miss: 802
FILO #2 	17.479675 %	 hit: 172  miss: 812
FILO #3 	17.538462 %	 hit: 171  miss: 804
FILO #4 	18.724280 %	 hit: 182  miss: 790
FILO #5 	20.863309 %	 hit: 203  miss: 770
FILO #6 	19.159836 %	 hit: 187  miss: 789
FILO #7 	18.877551 %	 hit: 185  miss: 795
FILO #8 	18.979592 %	 hit: 186  miss: 794
FILO #9 	18.209563 %	 hit: 179  miss: 804
FILO #10 	21.770092 %	 hit: 214  miss: 769
>>> Average hit-ratio: 0.18976562387199822	(over 10 simulations)

-------------------------------------------------- RAW DATA (CSV) 
ALGORITHM,METRIC,RESULT,Z,ETA,N_ITER,N_REQUESTS,CACHE_SIZE,MEMORY_SIZE,SEED
FIFO,hit-ratio,0.8720484293484313,1000,1.5,10,1000,100,1000,82178 
FILO,hit-ratio,0.18976562387199822,1000,1.5,10,1000,100,1000,82178 
--------------------------------------------------

>>> RESULTS - (over 10 simulations)
| Algorithms   |   hit-ratio (10) |
|--------------|------------------|
| FILO         |         0.189766 |
| FIFO         |         0.872048 |


(saved at logfile.log)
